[debug] [2023-12-30T23:38:33.433Z] ----------------------------------------------------------------------
[debug] [2023-12-30T23:38:33.434Z] Command:       /Users/andreiiordache/.nvm/versions/node/v16.13.0/bin/node /Users/andreiiordache/.nvm/versions/node/v16.13.0/bin/firebase deploy
[debug] [2023-12-30T23:38:33.435Z] CLI Version:   12.9.1
[debug] [2023-12-30T23:38:33.435Z] Platform:      darwin
[debug] [2023-12-30T23:38:33.435Z] Node Version:  v16.13.0
[debug] [2023-12-30T23:38:33.436Z] Time:          Sun Dec 31 2023 01:38:33 GMT+0200 (Eastern European Standard Time)
[debug] [2023-12-30T23:38:33.436Z] ----------------------------------------------------------------------
[debug] 
[debug] [2023-12-30T23:38:33.501Z] > command requires scopes: ["email","openid","https://www.googleapis.com/auth/cloudplatformprojects.readonly","https://www.googleapis.com/auth/firebase","https://www.googleapis.com/auth/cloud-platform"]
[debug] [2023-12-30T23:38:33.501Z] > authorizing via signed-in user (andrei.iordache2017@gmail.com)
[debug] [2023-12-30T23:38:33.501Z] [iam] checking project mycasting-c5275 for permissions ["firebase.projects.get","firebasehosting.sites.update"]
[debug] [2023-12-30T23:38:33.503Z] >>> [apiv2][query] POST https://cloudresourcemanager.googleapis.com/v1/projects/mycasting-c5275:testIamPermissions [none]
[debug] [2023-12-30T23:38:33.503Z] >>> [apiv2][(partial)header] POST https://cloudresourcemanager.googleapis.com/v1/projects/mycasting-c5275:testIamPermissions x-goog-quota-user=projects/mycasting-c5275
[debug] [2023-12-30T23:38:33.503Z] >>> [apiv2][body] POST https://cloudresourcemanager.googleapis.com/v1/projects/mycasting-c5275:testIamPermissions {"permissions":["firebase.projects.get","firebasehosting.sites.update"]}
[debug] [2023-12-30T23:38:34.371Z] <<< [apiv2][status] POST https://cloudresourcemanager.googleapis.com/v1/projects/mycasting-c5275:testIamPermissions 200
[debug] [2023-12-30T23:38:34.371Z] <<< [apiv2][body] POST https://cloudresourcemanager.googleapis.com/v1/projects/mycasting-c5275:testIamPermissions {"permissions":["firebase.projects.get","firebasehosting.sites.update"]}
[debug] [2023-12-30T23:38:34.373Z] >>> [apiv2][query] GET https://firebase.googleapis.com/v1beta1/projects/mycasting-c5275 [none]
[debug] [2023-12-30T23:38:34.665Z] <<< [apiv2][status] GET https://firebase.googleapis.com/v1beta1/projects/mycasting-c5275 200
[debug] [2023-12-30T23:38:34.665Z] <<< [apiv2][body] GET https://firebase.googleapis.com/v1beta1/projects/mycasting-c5275 {"projectId":"mycasting-c5275","projectNumber":"282773183142","displayName":"MyCasting","name":"projects/mycasting-c5275","resources":{"hostingSite":"mycasting-c5275","storageBucket":"mycasting-c5275.appspot.com","locationId":"europe-central2"},"state":"ACTIVE","etag":"1_e8e4a86c-6686-49c1-aef1-0291059a9a0e"}
[debug] [2023-12-30T23:38:36.241Z] >>> [apiv2][query] GET https://firebasehosting.googleapis.com/v1beta1/projects/mycasting-c5275/sites pageToken=&pageSize=10
[debug] [2023-12-30T23:38:37.583Z] <<< [apiv2][status] GET https://firebasehosting.googleapis.com/v1beta1/projects/mycasting-c5275/sites 200
[debug] [2023-12-30T23:38:37.583Z] <<< [apiv2][body] GET https://firebasehosting.googleapis.com/v1beta1/projects/mycasting-c5275/sites {"sites":[{"name":"projects/mycasting-c5275/sites/mycasting-c5275","defaultUrl":"https://mycasting-c5275.web.app","appId":"1:282773183142:web:b5420f52352cf264ff3267","type":"DEFAULT_SITE"}]}
[debug] [2023-12-30T23:38:37.584Z] >>> [apiv2][query] GET https://firebase.googleapis.com/v1beta1/projects/-/webApps/1:282773183142:web:b5420f52352cf264ff3267/config [none]
[debug] [2023-12-30T23:38:38.487Z] <<< [apiv2][status] GET https://firebase.googleapis.com/v1beta1/projects/-/webApps/1:282773183142:web:b5420f52352cf264ff3267/config 200
[debug] [2023-12-30T23:38:38.488Z] <<< [apiv2][body] GET https://firebase.googleapis.com/v1beta1/projects/-/webApps/1:282773183142:web:b5420f52352cf264ff3267/config {"projectId":"mycasting-c5275","appId":"1:282773183142:web:b5420f52352cf264ff3267","storageBucket":"mycasting-c5275.appspot.com","locationId":"europe-central2","apiKey":"AIzaSyBvsPQCT1pTzIkxW3xcCKDQXCxZQzJTJ4s","authDomain":"mycasting-c5275.firebaseapp.com","messagingSenderId":"282773183142","measurementId":"G-3HDH7RE6E2"}
[info] 
   Thank you for trying our early preview of Next.js support on Firebase Hosting.
   During the preview, support is best-effort and breaking changes can be expected. Proceed with caution.

   Documentation: https://firebase.google.com/docs/hosting/frameworks/nextjs
   File a bug: https://github.com/firebase/firebase-tools/issues/new?template=bug_report.md
   Submit a feature request: https://github.com/firebase/firebase-tools/issues/new?template=feature_request.md

   We'd love to learn from you. Express your interest in helping us shape the future of Firebase Hosting: https://goo.gle/41enW5X

[info] You are using Node.js 16.13.0. For Next.js, Node.js version >= v18.17.0 is required.

[info] Building a Cloud Function to run this application. This is needed due to:
[info]  • Image Optimization
[info] 
[debug] [2023-12-30T23:39:37.504Z] [web frameworks] effective firebase.json:  {
  "hosting": [
    {
      "source": ".",
      "ignore": [
        "firebase.json",
        "**/.*",
        "**/node_modules/**"
      ],
      "frameworksBackend": {
        "region": "europe-west1"
      },
      "site": "mycasting-c5275",
      "rewrites": [
        {
          "source": "**",
          "function": {
            "functionId": "ssrmycastingc5275",
            "region": "europe-west1",
            "pinTag": true
          }
        }
      ],
      "redirects": [],
      "headers": [
        {
          "source": "**/*.[jt]s",
          "headers": [
            {
              "key": "Set-Cookie",
              "value": "__FIREBASE_DEFAULTS__=eyJjb25maWciOnsicHJvamVjdElkIjoibXljYXN0aW5nLWM1Mjc1IiwiYXBwSWQiOiIxOjI4Mjc3MzE4MzE0Mjp3ZWI6YjU0MjBmNTIzNTJjZjI2NGZmMzI2NyIsInN0b3JhZ2VCdWNrZXQiOiJteWNhc3RpbmctYzUyNzUuYXBwc3BvdC5jb20iLCJsb2NhdGlvbklkIjoiZXVyb3BlLWNlbnRyYWwyIiwiYXBpS2V5IjoiQUl6YVN5QnZzUFFDVDFwVHpJa3hXM3hjQ0tEUVhDeFpRekpUSjRzIiwiYXV0aERvbWFpbiI6Im15Y2FzdGluZy1jNTI3NS5maXJlYmFzZWFwcC5jb20iLCJtZXNzYWdpbmdTZW5kZXJJZCI6IjI4Mjc3MzE4MzE0MiIsIm1lYXN1cmVtZW50SWQiOiJHLTNIREg3UkU2RTIifSwiX2F1dGhUb2tlblN5bmNVUkwiOiIvX19zZXNzaW9uIn0; SameSite=Strict; Expires=2025-11-24T10:19:37.504Z; Path=/;"
            }
          ]
        }
      ],
      "cleanUrls": true,
      "trailingSlash": false,
      "public": ".firebase/mycasting-c5275/hosting",
      "webFramework": "next_ssr"
    }
  ],
  "functions": [
    {
      "source": ".firebase/mycasting-c5275/functions",
      "codebase": "firebase-frameworks-mycasting-c5275"
    }
  ]
}
[debug] [2023-12-30T23:39:37.506Z] > command requires scopes: ["email","openid","https://www.googleapis.com/auth/cloudplatformprojects.readonly","https://www.googleapis.com/auth/firebase","https://www.googleapis.com/auth/cloud-platform"]
[debug] [2023-12-30T23:39:37.507Z] > authorizing via signed-in user (andrei.iordache2017@gmail.com)
[debug] [2023-12-30T23:39:37.507Z] [iam] checking project mycasting-c5275 for permissions ["cloudfunctions.functions.create","cloudfunctions.functions.delete","cloudfunctions.functions.get","cloudfunctions.functions.list","cloudfunctions.functions.update","cloudfunctions.operations.get","firebase.projects.get"]
[debug] [2023-12-30T23:39:37.508Z] >>> [apiv2][query] POST https://cloudresourcemanager.googleapis.com/v1/projects/mycasting-c5275:testIamPermissions [none]
[debug] [2023-12-30T23:39:37.508Z] >>> [apiv2][(partial)header] POST https://cloudresourcemanager.googleapis.com/v1/projects/mycasting-c5275:testIamPermissions x-goog-quota-user=projects/mycasting-c5275
[debug] [2023-12-30T23:39:37.508Z] >>> [apiv2][body] POST https://cloudresourcemanager.googleapis.com/v1/projects/mycasting-c5275:testIamPermissions {"permissions":["cloudfunctions.functions.create","cloudfunctions.functions.delete","cloudfunctions.functions.get","cloudfunctions.functions.list","cloudfunctions.functions.update","cloudfunctions.operations.get","firebase.projects.get"]}
[debug] [2023-12-30T23:39:38.274Z] <<< [apiv2][status] POST https://cloudresourcemanager.googleapis.com/v1/projects/mycasting-c5275:testIamPermissions 200
[debug] [2023-12-30T23:39:38.274Z] <<< [apiv2][body] POST https://cloudresourcemanager.googleapis.com/v1/projects/mycasting-c5275:testIamPermissions {"permissions":["cloudfunctions.functions.create","cloudfunctions.functions.delete","cloudfunctions.functions.get","cloudfunctions.functions.list","cloudfunctions.functions.update","cloudfunctions.operations.get","firebase.projects.get"]}
[info] 
[info] === Deploying to 'mycasting-c5275'...
[info] 
[info] i  deploying functions, hosting 
[debug] [2023-12-30T23:39:38.278Z] >>> [apiv2][query] GET https://firebase.googleapis.com/v1beta1/projects/mycasting-c5275 [none]
[debug] [2023-12-30T23:39:38.599Z] <<< [apiv2][status] GET https://firebase.googleapis.com/v1beta1/projects/mycasting-c5275 200
[debug] [2023-12-30T23:39:38.599Z] <<< [apiv2][body] GET https://firebase.googleapis.com/v1beta1/projects/mycasting-c5275 {"projectId":"mycasting-c5275","projectNumber":"282773183142","displayName":"MyCasting","name":"projects/mycasting-c5275","resources":{"hostingSite":"mycasting-c5275","storageBucket":"mycasting-c5275.appspot.com","locationId":"europe-central2"},"state":"ACTIVE","etag":"1_e8e4a86c-6686-49c1-aef1-0291059a9a0e"}
[info] i  functions: preparing codebase firebase-frameworks-mycasting-c5275 for deployment 
[info] i  functions: ensuring required API cloudfunctions.googleapis.com is enabled... 
[info] i  functions: ensuring required API cloudbuild.googleapis.com is enabled... 
[info] i  artifactregistry: ensuring required API artifactregistry.googleapis.com is enabled... 
[debug] [2023-12-30T23:39:38.601Z] >>> [apiv2][query] GET https://serviceusage.googleapis.com/v1/projects/mycasting-c5275/services/cloudfunctions.googleapis.com [none]
[debug] [2023-12-30T23:39:38.601Z] >>> [apiv2][(partial)header] GET https://serviceusage.googleapis.com/v1/projects/mycasting-c5275/services/cloudfunctions.googleapis.com x-goog-quota-user=projects/mycasting-c5275
[debug] [2023-12-30T23:39:38.601Z] >>> [apiv2][query] GET https://serviceusage.googleapis.com/v1/projects/mycasting-c5275/services/runtimeconfig.googleapis.com [none]
[debug] [2023-12-30T23:39:38.601Z] >>> [apiv2][(partial)header] GET https://serviceusage.googleapis.com/v1/projects/mycasting-c5275/services/runtimeconfig.googleapis.com x-goog-quota-user=projects/mycasting-c5275
[debug] [2023-12-30T23:39:38.602Z] >>> [apiv2][query] GET https://serviceusage.googleapis.com/v1/projects/mycasting-c5275/services/cloudbuild.googleapis.com [none]
[debug] [2023-12-30T23:39:38.602Z] >>> [apiv2][(partial)header] GET https://serviceusage.googleapis.com/v1/projects/mycasting-c5275/services/cloudbuild.googleapis.com x-goog-quota-user=projects/mycasting-c5275
[debug] [2023-12-30T23:39:38.603Z] >>> [apiv2][query] GET https://serviceusage.googleapis.com/v1/projects/mycasting-c5275/services/artifactregistry.googleapis.com [none]
[debug] [2023-12-30T23:39:38.603Z] >>> [apiv2][(partial)header] GET https://serviceusage.googleapis.com/v1/projects/mycasting-c5275/services/artifactregistry.googleapis.com x-goog-quota-user=projects/mycasting-c5275
[debug] [2023-12-30T23:39:39.723Z] <<< [apiv2][status] GET https://serviceusage.googleapis.com/v1/projects/mycasting-c5275/services/runtimeconfig.googleapis.com 200
[debug] [2023-12-30T23:39:39.724Z] <<< [apiv2][body] GET https://serviceusage.googleapis.com/v1/projects/mycasting-c5275/services/runtimeconfig.googleapis.com [omitted]
[debug] [2023-12-30T23:39:39.725Z] <<< [apiv2][status] GET https://serviceusage.googleapis.com/v1/projects/mycasting-c5275/services/cloudfunctions.googleapis.com 200
[debug] [2023-12-30T23:39:39.725Z] <<< [apiv2][body] GET https://serviceusage.googleapis.com/v1/projects/mycasting-c5275/services/cloudfunctions.googleapis.com [omitted]
[info] ✔  functions: required API cloudfunctions.googleapis.com is enabled 
[debug] [2023-12-30T23:39:39.727Z] <<< [apiv2][status] GET https://serviceusage.googleapis.com/v1/projects/mycasting-c5275/services/cloudbuild.googleapis.com 200
[debug] [2023-12-30T23:39:39.727Z] <<< [apiv2][body] GET https://serviceusage.googleapis.com/v1/projects/mycasting-c5275/services/cloudbuild.googleapis.com [omitted]
[info] ✔  functions: required API cloudbuild.googleapis.com is enabled 
[debug] [2023-12-30T23:39:39.728Z] <<< [apiv2][status] GET https://serviceusage.googleapis.com/v1/projects/mycasting-c5275/services/artifactregistry.googleapis.com 200
[debug] [2023-12-30T23:39:39.728Z] <<< [apiv2][body] GET https://serviceusage.googleapis.com/v1/projects/mycasting-c5275/services/artifactregistry.googleapis.com [omitted]
[info] ✔  artifactregistry: required API artifactregistry.googleapis.com is enabled 
[debug] [2023-12-30T23:39:39.728Z] >>> [apiv2][query] GET https://firebase.googleapis.com/v1beta1/projects/mycasting-c5275/adminSdkConfig [none]
[debug] [2023-12-30T23:39:40.297Z] <<< [apiv2][status] GET https://firebase.googleapis.com/v1beta1/projects/mycasting-c5275/adminSdkConfig 200
[debug] [2023-12-30T23:39:40.297Z] <<< [apiv2][body] GET https://firebase.googleapis.com/v1beta1/projects/mycasting-c5275/adminSdkConfig {"projectId":"mycasting-c5275","storageBucket":"mycasting-c5275.appspot.com","locationId":"europe-central2"}
[debug] [2023-12-30T23:39:40.298Z] >>> [apiv2][query] GET https://runtimeconfig.googleapis.com/v1beta1/projects/mycasting-c5275/configs [none]
[debug] [2023-12-30T23:39:40.758Z] <<< [apiv2][status] GET https://runtimeconfig.googleapis.com/v1beta1/projects/mycasting-c5275/configs 200
[debug] [2023-12-30T23:39:40.759Z] <<< [apiv2][body] GET https://runtimeconfig.googleapis.com/v1beta1/projects/mycasting-c5275/configs {}
[debug] [2023-12-30T23:39:40.762Z] Validating nodejs source
[debug] [2023-12-30T23:39:41.486Z] > [functions] package.json contents: {
  "name": "client",
  "dependencies": {
    "@react-three/drei": "^9.92.5",
    "@react-three/fiber": "^8.15.12",
    "@splinetool/loader": "^1.0.8",
    "@splinetool/r3f-spline": "^1.0.2",
    "@splinetool/react-spline": "^2.2.6",
    "@splinetool/runtime": "^0.9.523",
    "bootstrap": "^5.3.2",
    "firebase": "^10.7.1",
    "firebase-app": "^0.0.1",
    "firebase-auth": "^0.1.2",
    "next": "14.0.4",
    "react": "18.2.0",
    "react-dom": "18.2.0",
    "react-icons": "^4.12.0",
    "spline": "^0.0.0",
    "three": "^0.159.0",
    "sharp": "^0.32.1",
    "firebase-frameworks": "^0.10.4",
    "firebase-functions": "^4.3.0",
    "firebase-admin": "^11.0.1"
  },
  "main": "server.js",
  "engines": {
    "node": "16"
  }
}
[debug] [2023-12-30T23:39:41.486Z] Building nodejs source
[info] i  functions: Loading and analyzing source code for codebase firebase-frameworks-mycasting-c5275 to determine what to deploy 
[debug] [2023-12-30T23:39:41.487Z] Could not find functions.yaml. Must use http discovery
[debug] [2023-12-30T23:39:41.496Z] Found firebase-functions binary at '/Users/andreiiordache/Desktop/casting/client/.firebase/mycasting-c5275/functions/node_modules/.bin/firebase-functions'
[info] Serving at port 8500

[debug] [2023-12-30T23:39:41.912Z] Got response from /__/functions.yaml {"endpoints":{"ssrmycastingc5275":{"availableMemoryMb":null,"timeoutSeconds":null,"minInstances":null,"maxInstances":null,"ingressSettings":null,"concurrency":null,"serviceAccountEmail":null,"vpc":null,"platform":"gcfv2","region":["europe-west1"],"labels":{},"httpsTrigger":{},"entryPoint":"ssrmycastingc5275"}},"specVersion":"v1alpha1","requiredAPIs":[]}
[info] i  functions: Loaded environment variables from .env. 
[info] i  functions: preparing .firebase/mycasting-c5275/functions directory for uploading... 
[info] i  functions: packaged /Users/andreiiordache/Desktop/casting/client/.firebase/mycasting-c5275/functions (141.06 MB) for uploading 
[debug] [2023-12-30T23:39:47.770Z] >>> [apiv2][query] GET https://cloudfunctions.googleapis.com/v1/projects/mycasting-c5275/locations/-/functions [none]
[debug] [2023-12-30T23:39:48.408Z] <<< [apiv2][status] GET https://cloudfunctions.googleapis.com/v1/projects/mycasting-c5275/locations/-/functions 200
[debug] [2023-12-30T23:39:48.408Z] <<< [apiv2][body] GET https://cloudfunctions.googleapis.com/v1/projects/mycasting-c5275/locations/-/functions {"functions":[{"name":"projects/mycasting-c5275/locations/europe-west1/functions/api","httpsTrigger":{"url":"https://europe-west1-mycasting-c5275.cloudfunctions.net/api","securityLevel":"SECURE_ALWAYS"},"status":"ACTIVE","entryPoint":"api","timeout":"60s","availableMemoryMb":256,"serviceAccountEmail":"mycasting-c5275@appspot.gserviceaccount.com","updateTime":"2023-12-08T15:17:20.491Z","versionId":"5","labels":{"deployment-tool":"cli-firebase","firebase-functions-hash":"20067d10c10119516920c5f9ba400ce5fadbe12f"},"sourceUploadUrl":"https://storage.googleapis.com/uploads-676086825207.europe-west1.cloudfunctions.appspot.com/1c82bfa6-3d12-479e-a610-039d372fb8cf.zip","environmentVariables":{"FIREBASE_CONFIG":"{\"projectId\":\"mycasting-c5275\",\"storageBucket\":\"mycasting-c5275.appspot.com\",\"locationId\":\"europe-central2\"}","GCLOUD_PROJECT":"mycasting-c5275","EVENTARC_CLOUD_EVENT_SOURCE":"projects/mycasting-c5275/locations/europe-west1/functions/api"},"runtime":"nodejs18","ingressSettings":"ALLOW_ALL","buildId":"6c430c0b-95e6-4173-baf7-3c33b9355197","buildEnvironmentVariables":{"GOOGLE_NODE_RUN_SCRIPTS":""},"buildName":"projects/282773183142/locations/europe-west1/builds/6c430c0b-95e6-4173-baf7-3c33b9355197","dockerRegistry":"ARTIFACT_REGISTRY","automaticUpdatePolicy":{}}]}
[debug] [2023-12-30T23:39:48.409Z] >>> [apiv2][query] GET https://cloudfunctions.googleapis.com/v2/projects/mycasting-c5275/locations/-/functions filter=environment%3D%22GEN_2%22
[debug] [2023-12-30T23:39:49.495Z] <<< [apiv2][status] GET https://cloudfunctions.googleapis.com/v2/projects/mycasting-c5275/locations/-/functions 200
[debug] [2023-12-30T23:39:49.495Z] <<< [apiv2][body] GET https://cloudfunctions.googleapis.com/v2/projects/mycasting-c5275/locations/-/functions {}
[info] i  functions: ensuring required API run.googleapis.com is enabled... 
[info] i  functions: ensuring required API eventarc.googleapis.com is enabled... 
[info] i  functions: ensuring required API pubsub.googleapis.com is enabled... 
[info] i  functions: ensuring required API storage.googleapis.com is enabled... 
[debug] [2023-12-30T23:39:49.499Z] >>> [apiv2][query] GET https://serviceusage.googleapis.com/v1/projects/mycasting-c5275/services/run.googleapis.com [none]
[debug] [2023-12-30T23:39:49.499Z] >>> [apiv2][(partial)header] GET https://serviceusage.googleapis.com/v1/projects/mycasting-c5275/services/run.googleapis.com x-goog-quota-user=projects/mycasting-c5275
[debug] [2023-12-30T23:39:49.500Z] >>> [apiv2][query] GET https://serviceusage.googleapis.com/v1/projects/mycasting-c5275/services/eventarc.googleapis.com [none]
[debug] [2023-12-30T23:39:49.500Z] >>> [apiv2][(partial)header] GET https://serviceusage.googleapis.com/v1/projects/mycasting-c5275/services/eventarc.googleapis.com x-goog-quota-user=projects/mycasting-c5275
[debug] [2023-12-30T23:39:49.502Z] >>> [apiv2][query] GET https://serviceusage.googleapis.com/v1/projects/mycasting-c5275/services/pubsub.googleapis.com [none]
[debug] [2023-12-30T23:39:49.502Z] >>> [apiv2][(partial)header] GET https://serviceusage.googleapis.com/v1/projects/mycasting-c5275/services/pubsub.googleapis.com x-goog-quota-user=projects/mycasting-c5275
[debug] [2023-12-30T23:39:49.503Z] >>> [apiv2][query] GET https://serviceusage.googleapis.com/v1/projects/mycasting-c5275/services/storage.googleapis.com [none]
[debug] [2023-12-30T23:39:49.503Z] >>> [apiv2][(partial)header] GET https://serviceusage.googleapis.com/v1/projects/mycasting-c5275/services/storage.googleapis.com x-goog-quota-user=projects/mycasting-c5275
[debug] [2023-12-30T23:39:50.408Z] <<< [apiv2][status] GET https://serviceusage.googleapis.com/v1/projects/mycasting-c5275/services/eventarc.googleapis.com 200
[debug] [2023-12-30T23:39:50.408Z] <<< [apiv2][body] GET https://serviceusage.googleapis.com/v1/projects/mycasting-c5275/services/eventarc.googleapis.com [omitted]
[warn] ⚠  functions: missing required API eventarc.googleapis.com. Enabling now... 
[debug] [2023-12-30T23:39:50.410Z] >>> [apiv2][query] POST https://serviceusage.googleapis.com/v1/projects/mycasting-c5275/services/eventarc.googleapis.com:enable [none]
[debug] [2023-12-30T23:39:50.410Z] >>> [apiv2][(partial)header] POST https://serviceusage.googleapis.com/v1/projects/mycasting-c5275/services/eventarc.googleapis.com:enable x-goog-quota-user=projects/mycasting-c5275
[debug] [2023-12-30T23:39:50.416Z] <<< [apiv2][status] GET https://serviceusage.googleapis.com/v1/projects/mycasting-c5275/services/pubsub.googleapis.com 200
[debug] [2023-12-30T23:39:50.416Z] <<< [apiv2][body] GET https://serviceusage.googleapis.com/v1/projects/mycasting-c5275/services/pubsub.googleapis.com [omitted]
[info] ✔  functions: required API pubsub.googleapis.com is enabled 
[debug] [2023-12-30T23:39:50.417Z] <<< [apiv2][status] GET https://serviceusage.googleapis.com/v1/projects/mycasting-c5275/services/storage.googleapis.com 200
[debug] [2023-12-30T23:39:50.417Z] <<< [apiv2][body] GET https://serviceusage.googleapis.com/v1/projects/mycasting-c5275/services/storage.googleapis.com [omitted]
[info] ✔  functions: required API storage.googleapis.com is enabled 
[debug] [2023-12-30T23:39:50.418Z] <<< [apiv2][status] GET https://serviceusage.googleapis.com/v1/projects/mycasting-c5275/services/run.googleapis.com 200
[debug] [2023-12-30T23:39:50.418Z] <<< [apiv2][body] GET https://serviceusage.googleapis.com/v1/projects/mycasting-c5275/services/run.googleapis.com [omitted]
[warn] ⚠  functions: missing required API run.googleapis.com. Enabling now... 
[debug] [2023-12-30T23:39:50.418Z] >>> [apiv2][query] POST https://serviceusage.googleapis.com/v1/projects/mycasting-c5275/services/run.googleapis.com:enable [none]
[debug] [2023-12-30T23:39:50.418Z] >>> [apiv2][(partial)header] POST https://serviceusage.googleapis.com/v1/projects/mycasting-c5275/services/run.googleapis.com:enable x-goog-quota-user=projects/mycasting-c5275
[debug] [2023-12-30T23:39:52.314Z] <<< [apiv2][status] POST https://serviceusage.googleapis.com/v1/projects/mycasting-c5275/services/eventarc.googleapis.com:enable 200
[debug] [2023-12-30T23:39:52.314Z] <<< [apiv2][body] POST https://serviceusage.googleapis.com/v1/projects/mycasting-c5275/services/eventarc.googleapis.com:enable [omitted]
[debug] [2023-12-30T23:39:52.316Z] <<< [apiv2][status] POST https://serviceusage.googleapis.com/v1/projects/mycasting-c5275/services/run.googleapis.com:enable 200
[debug] [2023-12-30T23:39:52.316Z] <<< [apiv2][body] POST https://serviceusage.googleapis.com/v1/projects/mycasting-c5275/services/run.googleapis.com:enable [omitted]
[debug] [2023-12-30T23:40:02.316Z] >>> [apiv2][query] GET https://serviceusage.googleapis.com/v1/projects/mycasting-c5275/services/eventarc.googleapis.com [none]
[debug] [2023-12-30T23:40:02.318Z] >>> [apiv2][(partial)header] GET https://serviceusage.googleapis.com/v1/projects/mycasting-c5275/services/eventarc.googleapis.com x-goog-quota-user=projects/mycasting-c5275
[debug] [2023-12-30T23:40:02.321Z] >>> [apiv2][query] GET https://serviceusage.googleapis.com/v1/projects/mycasting-c5275/services/run.googleapis.com [none]
[debug] [2023-12-30T23:40:02.321Z] >>> [apiv2][(partial)header] GET https://serviceusage.googleapis.com/v1/projects/mycasting-c5275/services/run.googleapis.com x-goog-quota-user=projects/mycasting-c5275
[debug] [2023-12-30T23:40:03.273Z] <<< [apiv2][status] GET https://serviceusage.googleapis.com/v1/projects/mycasting-c5275/services/run.googleapis.com 200
[debug] [2023-12-30T23:40:03.274Z] <<< [apiv2][body] GET https://serviceusage.googleapis.com/v1/projects/mycasting-c5275/services/run.googleapis.com [omitted]
[info] ✔  functions: required API run.googleapis.com is enabled 
[debug] [2023-12-30T23:40:03.447Z] <<< [apiv2][status] GET https://serviceusage.googleapis.com/v1/projects/mycasting-c5275/services/eventarc.googleapis.com 200
[debug] [2023-12-30T23:40:03.448Z] <<< [apiv2][body] GET https://serviceusage.googleapis.com/v1/projects/mycasting-c5275/services/eventarc.googleapis.com [omitted]
[info] ✔  functions: required API eventarc.googleapis.com is enabled 
[info] i  functions: generating the service identity for pubsub.googleapis.com... 
[info] i  functions: generating the service identity for eventarc.googleapis.com... 
[debug] [2023-12-30T23:40:03.451Z] >>> [apiv2][query] POST https://serviceusage.googleapis.com/v1beta1/projects/282773183142/services/pubsub.googleapis.com:generateServiceIdentity [none]
[debug] [2023-12-30T23:40:03.452Z] >>> [apiv2][query] POST https://serviceusage.googleapis.com/v1beta1/projects/282773183142/services/eventarc.googleapis.com:generateServiceIdentity [none]
[debug] [2023-12-30T23:40:04.540Z] <<< [apiv2][status] POST https://serviceusage.googleapis.com/v1beta1/projects/282773183142/services/pubsub.googleapis.com:generateServiceIdentity 200
[debug] [2023-12-30T23:40:04.540Z] <<< [apiv2][body] POST https://serviceusage.googleapis.com/v1beta1/projects/282773183142/services/pubsub.googleapis.com:generateServiceIdentity {"name":"operations/finished.DONE_OPERATION","done":true,"response":{"@type":"type.googleapis.com/google.api.serviceusage.v1beta1.ServiceIdentity","email":"service-282773183142@gcp-sa-pubsub.iam.gserviceaccount.com","uniqueId":"101130732050563427409"}}
[debug] [2023-12-30T23:40:05.010Z] <<< [apiv2][status] POST https://serviceusage.googleapis.com/v1beta1/projects/282773183142/services/eventarc.googleapis.com:generateServiceIdentity 200
[debug] [2023-12-30T23:40:05.010Z] <<< [apiv2][body] POST https://serviceusage.googleapis.com/v1beta1/projects/282773183142/services/eventarc.googleapis.com:generateServiceIdentity {"name":"operations/finished.DONE_OPERATION","done":true,"response":{"@type":"type.googleapis.com/google.api.serviceusage.v1beta1.ServiceIdentity","email":"service-282773183142@gcp-sa-eventarc.iam.gserviceaccount.com","uniqueId":"100928864880999375724"}}
[debug] [2023-12-30T23:40:05.013Z] >>> [apiv2][query] GET https://firebase.googleapis.com/v1beta1/projects/mycasting-c5275 [none]
[debug] [2023-12-30T23:40:05.325Z] <<< [apiv2][status] GET https://firebase.googleapis.com/v1beta1/projects/mycasting-c5275 200
[debug] [2023-12-30T23:40:05.325Z] <<< [apiv2][body] GET https://firebase.googleapis.com/v1beta1/projects/mycasting-c5275 {"projectId":"mycasting-c5275","projectNumber":"282773183142","displayName":"MyCasting","name":"projects/mycasting-c5275","resources":{"hostingSite":"mycasting-c5275","storageBucket":"mycasting-c5275.appspot.com","locationId":"europe-central2"},"state":"ACTIVE","etag":"1_e8e4a86c-6686-49c1-aef1-0291059a9a0e"}
[debug] [2023-12-30T23:40:05.328Z] >>> [apiv2][query] POST https://firebasehosting.googleapis.com/v1beta1/projects/-/sites/mycasting-c5275/versions [none]
[debug] [2023-12-30T23:40:05.328Z] >>> [apiv2][body] POST https://firebasehosting.googleapis.com/v1beta1/projects/-/sites/mycasting-c5275/versions {"status":"CREATED","labels":{"deployment-tool":"cli-firebase","firebase-web-framework":"next_ssr"}}
[debug] [2023-12-30T23:40:07.090Z] <<< [apiv2][status] POST https://firebasehosting.googleapis.com/v1beta1/projects/-/sites/mycasting-c5275/versions 200
[debug] [2023-12-30T23:40:07.091Z] <<< [apiv2][body] POST https://firebasehosting.googleapis.com/v1beta1/projects/-/sites/mycasting-c5275/versions {"name":"projects/282773183142/sites/mycasting-c5275/versions/4538d1d8689dd94c","status":"CREATED","config":{},"labels":{"firebase-web-framework":"next_ssr","deployment-tool":"cli-firebase"}}
[debug] [2023-12-30T23:40:07.091Z] [functions] found 1 new HTTP functions, testing setIamPolicy permission...
[debug] [2023-12-30T23:40:07.092Z] >>> [apiv2][query] POST https://cloudresourcemanager.googleapis.com/v1/projects/mycasting-c5275:testIamPermissions [none]
[debug] [2023-12-30T23:40:07.092Z] >>> [apiv2][(partial)header] POST https://cloudresourcemanager.googleapis.com/v1/projects/mycasting-c5275:testIamPermissions x-goog-quota-user=projects/mycasting-c5275
[debug] [2023-12-30T23:40:07.092Z] >>> [apiv2][body] POST https://cloudresourcemanager.googleapis.com/v1/projects/mycasting-c5275:testIamPermissions {"permissions":["cloudfunctions.functions.setIamPolicy"]}
[debug] [2023-12-30T23:40:07.881Z] <<< [apiv2][status] POST https://cloudresourcemanager.googleapis.com/v1/projects/mycasting-c5275:testIamPermissions 200
[debug] [2023-12-30T23:40:07.881Z] <<< [apiv2][body] POST https://cloudresourcemanager.googleapis.com/v1/projects/mycasting-c5275:testIamPermissions {"permissions":["cloudfunctions.functions.setIamPolicy"]}
[debug] [2023-12-30T23:40:07.881Z] [functions] found setIamPolicy permission, proceeding with deploy
[debug] [2023-12-30T23:40:07.882Z] >>> [apiv2][query] POST https://cloudfunctions.googleapis.com/v2/projects/mycasting-c5275/locations/europe-west1/functions:generateUploadUrl [none]
[debug] [2023-12-30T23:40:09.096Z] <<< [apiv2][status] POST https://cloudfunctions.googleapis.com/v2/projects/mycasting-c5275/locations/europe-west1/functions:generateUploadUrl 200
[debug] [2023-12-30T23:40:09.096Z] <<< [apiv2][body] POST https://cloudfunctions.googleapis.com/v2/projects/mycasting-c5275/locations/europe-west1/functions:generateUploadUrl {"uploadUrl":"https://storage.googleapis.com/gcf-v2-uploads-282773183142-europe-west1/d7ee9715-f91c-41ad-a604-ddcc0f42ed58.zip?GoogleAccessId=service-282773183142@gcf-admin-robot.iam.gserviceaccount.com&Expires=1703981409&Signature=vWK7rYbzVCf1kd3vHuYdBRNisuTSGnjx3yrQDUI5X7y3e84sp1MY25oePNagqsBqLMbfPwHO3uDXezjf7QP59YQMAyH7uwhBDF0nuAPUfJRH04lwTBxCHnA5cv8%2BwkM2BMiH8NG4ehzzsuHTbueoRcasrCQQWZjR2FBXiXXPuJ8KPD4BD0R72zImIQ27IzX4fVVUGv5%2FPqGMQbSzCerukryWA2FtdJQfmaxm788ZpbIgx82m1tzW0DPoAdXHGqI1Z%2Bxi7XG2jmmGdouvUGGjzMdtx3UFFqj1Bj4cHxUd4Gis9377%2Bv3bBdKudhSuFgPLk%2F%2BkyQOG1wcb4LAUZKZKig%3D%3D","storageSource":{"bucket":"gcf-v2-uploads-282773183142-europe-west1","object":"d7ee9715-f91c-41ad-a604-ddcc0f42ed58.zip"}}
[debug] [2023-12-30T23:40:09.098Z] >>> [apiv2][query] PUT https://storage.googleapis.com/gcf-v2-uploads-282773183142-europe-west1/d7ee9715-f91c-41ad-a604-ddcc0f42ed58.zip GoogleAccessId=service-282773183142%40gcf-admin-robot.iam.gserviceaccount.com&Expires=1703981409&Signature=vWK7rYbzVCf1kd3vHuYdBRNisuTSGnjx3yrQDUI5X7y3e84sp1MY25oePNagqsBqLMbfPwHO3uDXezjf7QP59YQMAyH7uwhBDF0nuAPUfJRH04lwTBxCHnA5cv8%2BwkM2BMiH8NG4ehzzsuHTbueoRcasrCQQWZjR2FBXiXXPuJ8KPD4BD0R72zImIQ27IzX4fVVUGv5%2FPqGMQbSzCerukryWA2FtdJQfmaxm788ZpbIgx82m1tzW0DPoAdXHGqI1Z%2Bxi7XG2jmmGdouvUGGjzMdtx3UFFqj1Bj4cHxUd4Gis9377%2Bv3bBdKudhSuFgPLk%2F%2BkyQOG1wcb4LAUZKZKig%3D%3D
[debug] [2023-12-30T23:40:09.098Z] >>> [apiv2][body] PUT https://storage.googleapis.com/gcf-v2-uploads-282773183142-europe-west1/d7ee9715-f91c-41ad-a604-ddcc0f42ed58.zip [stream]
[debug] [2023-12-30T23:40:47.209Z] <<< [apiv2][status] PUT https://storage.googleapis.com/gcf-v2-uploads-282773183142-europe-west1/d7ee9715-f91c-41ad-a604-ddcc0f42ed58.zip 200
[debug] [2023-12-30T23:40:47.209Z] <<< [apiv2][body] PUT https://storage.googleapis.com/gcf-v2-uploads-282773183142-europe-west1/d7ee9715-f91c-41ad-a604-ddcc0f42ed58.zip [omitted]
[info] ✔  functions: .firebase/mycasting-c5275/functions folder uploaded successfully 
[info] i  hosting[mycasting-c5275]: beginning deploy... 
[info] i  hosting[mycasting-c5275]: found 70 files in .firebase/mycasting-c5275/hosting 
[debug] [2023-12-30T23:40:47.240Z] [hosting] uploading with 200 concurrency
[debug] [2023-12-30T23:40:47.241Z] [hosting] hash cache [LmZpcmViYXNlL215Y2FzdGluZy1jNTI3NS9ob3N0aW5n] not populated
[debug] [2023-12-30T23:40:47.554Z] [hosting] hash cache [LmZpcmViYXNlL215Y2FzdGluZy1jNTI3NS9ob3N0aW5n] stored for 70 files
[debug] [2023-12-30T23:40:47.554Z] [hosting][hash queue][FINAL] {"max":282,"min":13,"avg":41.371428571428574,"active":0,"complete":70,"success":70,"errored":0,"retried":0,"total":70,"elapsed":310}
[debug] [2023-12-30T23:40:47.555Z] >>> [apiv2][query] POST https://firebasehosting.googleapis.com/v1beta1/projects/282773183142/sites/mycasting-c5275/versions/4538d1d8689dd94c:populateFiles [none]
[debug] [2023-12-30T23:40:47.555Z] >>> [apiv2][body] POST https://firebasehosting.googleapis.com/v1beta1/projects/282773183142/sites/mycasting-c5275/versions/4538d1d8689dd94c:populateFiles {"files":{"/404.html":"f1dff920246d38e2d8008a5e4e588bff2db7ac3729dc1821b8d5e4dc8606f94a","/despre-noi.html":"9d2ab650ee1c1dd7ab2a31822e192e28e993b5a6c8c5c33f7cd8463072d89aa7","/dashboard.html":"b77799fecc4daa3660c5871cd48630b8c4976cff10d760bc43383d5f0eb5dcb8","/frame.svg":"e19bb00cc08ef82f500cf87a320203a6172f76b910434a5d028697c09e7ffd20","/cta-section.html":"ba2bf11d7f2b28bbfd60b112cb91f535fb83e96b344e6da6cbaa73a083db56b8","/login.html":"60decdc6b6938c90c59e7fe5c3eb4f2dbda69630c0555ff1f2a18f034f888c3c","/contact.html":"290cfb245b3f1dda9456aa218e0478cf0f3f3e7e55de44c147f37918c61fca02","/portofoliu.html":"e747b6067397f5cb48bf41989685e2ab185e173e3c1fb48e4054a3d12d37fceb","/usericon.svg":"beb83fef70622dfd6944a1fbafd90e3f8250fdb47d153611b95e816079cc9d92","/register.html":"cd7c071141233d085be706f6d71ed7a3b3213741f23f48e957e52d2b4ffd6a0d","/index.html":"70b8254408f04fa90a5f73590173052503dfd1b2b4e872cb10390f8a9545170d","/_next/static/Wh4ynDPufgyj4GpTXyDCp/_buildManifest.js":"7ed8b102146619f3af99a92e77b69231c5dd7dc9ab473d6875666f3ca317681f","/servicii-section.html":"f9117e8843e9e38019959cde2b9add7b94fa37fe225934f2abccc9c990d72054","/_next/static/Wh4ynDPufgyj4GpTXyDCp/_ssgManifest.js":"5c126729f9831113842c425975615db312fa26d39f3a9e1baa47d4ad65ac2f90","/_next/static/chunks/275.489ad06ccc41fcce.js":"996f3293c6a44ea6c3e624624f0c0d0105b721c2c45e9a453a7a6a42f374ed7d","/favicon.ico":"04614fc32690cb60b39e472119b7f7aa91d88eaeb8511a7489f8cbe1552e6e59","/_next/static/chunks/690-a738c6473734b8d6.js":"14ebe189e0e925018c1fbf353a26d30a7eb4e711cbb131778781ad9fcd8f42d2","/_next/static/chunks/webpack-3a9337e899a5f988.js":"9a16cb58110f0003c92e32bc69070a699e2486f345e0e3405325bcdb8400535d","/_next/static/chunks/pages/_error-b6491f42fb2263bb.js":"639a11c21c7d3943402ee3e809cb396c4c2bed1b60d0a6755be14a3473bb26d9","/_next/static/chunks/pages/cta-section-5340e876295827bb.js":"9b49a14d5eed743874df076eb3604b22c3c76db58def01e41de48a82ea76dd7a","/_next/static/chunks/pages/contact-316cd3b7ec9a5b86.js":"b0235617d0f516a532e62863f8f0a842ceeb31af288592dab8fe6934ce9d99ff","/_next/static/chunks/pages/dashboard-195718feed7b7a29.js":"22499fe81150a77c80ef36b4c5b6fc1fb02a0123ed4549b17dab58d41fd2482f","/_next/static/chunks/pages/despre-noi-6164c48af4bae436.js":"612bc47163c5cc6939c899ffb5cc661dede8de9aac5b67090488ae1e662e8521","/_next/static/chunks/pages/index-0d32be76ee77428a.js":"bf00c9a5bd74f4928d061972187d3430894c52781d76e8a36ae578e8fcb2f279","/_next/static/chunks/pages/login-d04f65dab8c2b3f4.js":"4cfa27650862748fb092c83d3eb34754cf1c0c19d2488fe7d00879aff2ad3384","/_next/static/chunks/pages/servicii-section-c2fa7e14ef73dfa4.js":"9fc67bdf3590a52aa22528e4ba3611c27e2c1f1b1c98350de685c93eb08663e1","/_next/static/chunks/pages/dashboard/member-card-d7164d9d78b13bdf.js":"60a39701c294f8dd5f2f8bd20953aa1d2dc6cfd8a51ea4448f2505224ea6ffee","/_next/static/chunks/pages/register-9a5f21940e459774.js":"b5f0691d4372cfa9b87389f40c687095566aea7c4d8f0cbd1fd7f8c8372d3cce","/_next/static/chunks/pages/portofoliu-a2fee18c3a2a034a.js":"7777449b9f0f89c7440722dbaccb6a51dc5af6d386568a0d3f3b6b391c1c2e49","/_next/static/chunks/pages/dashboard/member/[uid]-a57fab1b0816e2f6.js":"8751e844f00d42e1e8acd5b5ad55c117510080a9e7cc18cbfbad6b1fbf99791d","/_next/static/css/258de657c60cdf08.css":"66b9f90aad84911986b5ecfeb7975a6e1adf3f79920bd212da4606565a334ca0","/_next/static/chunks/pages/portofoliu/project-card-82400beaa23446d5.js":"d016a48ea57798ee02640f4ecfc944daf135ef0784807d359d51230e5191edda","/_next/static/css/26560c28467237ba.css":"6d7b08602663d768467689e813970e5b594daecaa07781afd9a210748d06e418","/_next/static/chunks/pages/profile/[uid]-9884fc8266a36168.js":"a138a36aaad0cb00aae9bf5349cbfe7be3d1e7d2c6bcbbcfbe0afd40050c7116","/_next/static/css/47955eadcd12bf1a.css":"5f76a6804acb57b91accda96b8871c99c2a297440b1fa826862ea81bd32d5eab","/_next/static/css/6a781f99a61b044d.css":"05b7e24fb89428a73d09190e9a0b2c4da1708c0f9bd0d26f1e7c21e10b7497b2","/_next/static/css/766184bed17d1207.css":"17156a4677395f6562219010fd809ffbc00ec92fef821724180366abb2c8a4f0","/_next/static/css/70d4ac6cd93184aa.css":"aa9106e84b02412f70e229bf9d47562e99a1430a75fedecc6ceb4bb5c8f02e7c","/logo.png":"f143f508aa72b4e5f63d3095e66251903b1192605ae7c443178aea5db8a0d348","/_next/static/chunks/669.081037a7e747ecc3.js":"793da9902aa6642c64a8fb6934bdf320bb0bbdff292747d4119d33a5f4137105","/_next/static/chunks/256.cbe7465733778d97.js":"a1f457f364bd90c52dd470d386bf94edec59da348d545de042b60e6e3fd183aa","/_next/static/chunks/main-fdf56fc4602be5bb.js":"f3af14952cb86013faa50e0311a0102581e955216f71b41e072c165887922f0e","/_next/static/chunks/polyfills-c67a75d1b6f99dc8.js":"aba23275a3c1380bfc8d467fd921b0c209e7182dbdaa02611c3a496b0b3b34ec","/_next/static/css/879cdd1344429119.css":"adc116d63034e7e4a2dc4a47db07fc69bb00763659d3ef0832f85a3c618f8173","/_next/static/css/b6684935c8caf28c.css":"520676820063e0560049b7a6ea8387391be23a7d04fece3cc44235c0154e2d9e","/_next/static/css/f663717510b71c94.css":"23df444028fe6114c7819b084a6acc7df07f2b88e016ce934098639bf53cfd6b","/_next/static/css/ed220b1fa331c2bd.css":"70475913d2c16efd5da3b2a3e2968754e37a3314a54976db8d5f9f55093247fb","/_next/static/media/Frame.8dc01ee3.svg":"c81cdc2f2f8f5f33b1b690c144fab49f99e650a020f89c80218f8fb3836c5511","/_next/static/media/frame.083d1c6b.svg":"e19bb00cc08ef82f500cf87a320203a6172f76b910434a5d028697c09e7ffd20","/_next/static/css/f6a2b50020465061.css":"2691ab7c4782c97fbebb354992cc5bafbf588263f3b873e518c5d0ad340384cc","/dashboard/member-card.html":"56e65b5900d673ff36e12867a33213924d133b3d0687de229f1902e29f825c78","/dashboard/member/[uid].html":"45df7a596d988e34ee036a766b9c448a9df2556a50255d97996feab011a58edc","/images/projects/Frame.svg":"c81cdc2f2f8f5f33b1b690c144fab49f99e650a020f89c80218f8fb3836c5511","/portofoliu/project-card.html":"1b48bb7542981ab9a8bbe1e5ec0795978c2b8c28da3476592c27f122cb439acc","/profile/[uid].html":"35fb8d6bef0b9315a591888cf005130584655ef4c3c11d02b0d335f5f4461549","/_next/static/media/logo.bc350c76.png":"f143f508aa72b4e5f63d3095e66251903b1192605ae7c443178aea5db8a0d348","/_next/static/chunks/61905917.33d294d08386857c.js":"03fd5ad3dd96e5cd263dce71c2cffa2e545f238e394ff128be974dd36bf5d7f9","/images/projects/Frame.png":"ec3a3b869442df5d0807663f03a4f0ac30696bf22935f53e1a20df007aa2f41d","/_next/static/chunks/framework-5429a50ba5373c56.js":"f5433b7ead9519f6a1de1c787a979549c715d76ce91de3deaf7d95042985b13b","/_next/static/css/4c44b1ebcc2f062a.css":"5c9b9684c0cbe7f3624316745ddf230c5e4e738090542c1f7f8ea1b524c57089","/_next/static/chunks/pages/_app-7ef418603e881e93.js":"ac1ac01a6d1105447a61f88e5e21794f39e0e906d1ac8cbe4af3049ce6f71e46","/images/carousel/Carousel1.jpg":"1051e16b324a53b15ab7661d9bfda337f10e9fc5acacbb07d3785f52bd666f1b","/images/projects/projects.jpg":"75bce9e1356326cbe6aa17d2c471a193b7ff2287345b98fcda37cf13d32e9c3f","/noise.png":"438df150258b5293c543afcb714024ece7717eaaa036017fd0a9e38a8ec78ee8","/images/about_third.jpeg":"35c0348d22824432328dbe5e7d97e19ec1f488c7e479fcb72f099d826cc7cecf","/_next/static/chunks/58a3678d-582a536d492e9ef0.js":"61b16ec0c244f27297c3ebc50568f0c32f4db503921420e7f394fc48d19f1e00","/images/about_fourth.jpeg":"ae0c5cb78b8cb252652f8df6ee1c4d75dc72468abcc3be020e8c10a6489e47c9","/_next/static/chunks/e39c296e.43f50923597af82c.js":"5b9c8633c4cdc342a20b867bfe7a4240e1a967d22d6559601b9d3ce21a47836b","/images/about_second.jpeg":"68fbbd33bfa835f721ab55e5d6c5c8b872dce9390aa7156ab706383b4f0ed6ea","/images/about-us.jpeg":"b934783638734c3d3eccc79048641f7752096835ad97639774d9afafda918594"}}
[debug] [2023-12-30T23:40:49.189Z] <<< [apiv2][status] POST https://firebasehosting.googleapis.com/v1beta1/projects/282773183142/sites/mycasting-c5275/versions/4538d1d8689dd94c:populateFiles 200
[debug] [2023-12-30T23:40:49.189Z] <<< [apiv2][body] POST https://firebasehosting.googleapis.com/v1beta1/projects/282773183142/sites/mycasting-c5275/versions/4538d1d8689dd94c:populateFiles {"uploadRequiredHashes":["68fbbd33bfa835f721ab55e5d6c5c8b872dce9390aa7156ab706383b4f0ed6ea","b77799fecc4daa3660c5871cd48630b8c4976cff10d760bc43383d5f0eb5dcb8","35c0348d22824432328dbe5e7d97e19ec1f488c7e479fcb72f099d826cc7cecf","ac1ac01a6d1105447a61f88e5e21794f39e0e906d1ac8cbe4af3049ce6f71e46","b934783638734c3d3eccc79048641f7752096835ad97639774d9afafda918594","ec3a3b869442df5d0807663f03a4f0ac30696bf22935f53e1a20df007aa2f41d","8751e844f00d42e1e8acd5b5ad55c117510080a9e7cc18cbfbad6b1fbf99791d","35fb8d6bef0b9315a591888cf005130584655ef4c3c11d02b0d335f5f4461549","9d2ab650ee1c1dd7ab2a31822e192e28e993b5a6c8c5c33f7cd8463072d89aa7","e747b6067397f5cb48bf41989685e2ab185e173e3c1fb48e4054a3d12d37fceb","438df150258b5293c543afcb714024ece7717eaaa036017fd0a9e38a8ec78ee8","f9117e8843e9e38019959cde2b9add7b94fa37fe225934f2abccc9c990d72054","f1dff920246d38e2d8008a5e4e588bff2db7ac3729dc1821b8d5e4dc8606f94a","56e65b5900d673ff36e12867a33213924d133b3d0687de229f1902e29f825c78","22499fe81150a77c80ef36b4c5b6fc1fb02a0123ed4549b17dab58d41fd2482f","beb83fef70622dfd6944a1fbafd90e3f8250fdb47d153611b95e816079cc9d92","60a39701c294f8dd5f2f8bd20953aa1d2dc6cfd8a51ea4448f2505224ea6ffee","1051e16b324a53b15ab7661d9bfda337f10e9fc5acacbb07d3785f52bd666f1b","cd7c071141233d085be706f6d71ed7a3b3213741f23f48e957e52d2b4ffd6a0d","ba2bf11d7f2b28bbfd60b112cb91f535fb83e96b344e6da6cbaa73a083db56b8","60decdc6b6938c90c59e7fe5c3eb4f2dbda69630c0555ff1f2a18f034f888c3c","9a16cb58110f0003c92e32bc69070a699e2486f345e0e3405325bcdb8400535d","45df7a596d988e34ee036a766b9c448a9df2556a50255d97996feab011a58edc","ae0c5cb78b8cb252652f8df6ee1c4d75dc72468abcc3be020e8c10a6489e47c9","290cfb245b3f1dda9456aa218e0478cf0f3f3e7e55de44c147f37918c61fca02","04614fc32690cb60b39e472119b7f7aa91d88eaeb8511a7489f8cbe1552e6e59","05b7e24fb89428a73d09190e9a0b2c4da1708c0f9bd0d26f1e7c21e10b7497b2","1b48bb7542981ab9a8bbe1e5ec0795978c2b8c28da3476592c27f122cb439acc","7ed8b102146619f3af99a92e77b69231c5dd7dc9ab473d6875666f3ca317681f","70b8254408f04fa90a5f73590173052503dfd1b2b4e872cb10390f8a9545170d","75bce9e1356326cbe6aa17d2c471a193b7ff2287345b98fcda37cf13d32e9c3f"],"uploadUrl":"https://upload-firebasehosting.googleapis.com/upload/sites/mycasting-c5275/versions/4538d1d8689dd94c/files"}
[debug] [2023-12-30T23:40:49.193Z] >>> [apiv2][query] POST https://upload-firebasehosting.googleapis.com/upload/sites/mycasting-c5275/versions/4538d1d8689dd94c/files/68fbbd33bfa835f721ab55e5d6c5c8b872dce9390aa7156ab706383b4f0ed6ea [none]
[debug] [2023-12-30T23:40:49.193Z] >>> [apiv2][body] POST https://upload-firebasehosting.googleapis.com/upload/sites/mycasting-c5275/versions/4538d1d8689dd94c/files/68fbbd33bfa835f721ab55e5d6c5c8b872dce9390aa7156ab706383b4f0ed6ea [stream]
[debug] [2023-12-30T23:40:49.195Z] >>> [apiv2][query] POST https://upload-firebasehosting.googleapis.com/upload/sites/mycasting-c5275/versions/4538d1d8689dd94c/files/b77799fecc4daa3660c5871cd48630b8c4976cff10d760bc43383d5f0eb5dcb8 [none]
[debug] [2023-12-30T23:40:49.195Z] >>> [apiv2][body] POST https://upload-firebasehosting.googleapis.com/upload/sites/mycasting-c5275/versions/4538d1d8689dd94c/files/b77799fecc4daa3660c5871cd48630b8c4976cff10d760bc43383d5f0eb5dcb8 [stream]
[debug] [2023-12-30T23:40:49.195Z] >>> [apiv2][query] POST https://upload-firebasehosting.googleapis.com/upload/sites/mycasting-c5275/versions/4538d1d8689dd94c/files/35c0348d22824432328dbe5e7d97e19ec1f488c7e479fcb72f099d826cc7cecf [none]
[debug] [2023-12-30T23:40:49.196Z] >>> [apiv2][body] POST https://upload-firebasehosting.googleapis.com/upload/sites/mycasting-c5275/versions/4538d1d8689dd94c/files/35c0348d22824432328dbe5e7d97e19ec1f488c7e479fcb72f099d826cc7cecf [stream]
[debug] [2023-12-30T23:40:49.196Z] >>> [apiv2][query] POST https://upload-firebasehosting.googleapis.com/upload/sites/mycasting-c5275/versions/4538d1d8689dd94c/files/ac1ac01a6d1105447a61f88e5e21794f39e0e906d1ac8cbe4af3049ce6f71e46 [none]
[debug] [2023-12-30T23:40:49.196Z] >>> [apiv2][body] POST https://upload-firebasehosting.googleapis.com/upload/sites/mycasting-c5275/versions/4538d1d8689dd94c/files/ac1ac01a6d1105447a61f88e5e21794f39e0e906d1ac8cbe4af3049ce6f71e46 [stream]
[debug] [2023-12-30T23:40:49.197Z] >>> [apiv2][query] POST https://upload-firebasehosting.googleapis.com/upload/sites/mycasting-c5275/versions/4538d1d8689dd94c/files/b934783638734c3d3eccc79048641f7752096835ad97639774d9afafda918594 [none]
[debug] [2023-12-30T23:40:49.197Z] >>> [apiv2][body] POST https://upload-firebasehosting.googleapis.com/upload/sites/mycasting-c5275/versions/4538d1d8689dd94c/files/b934783638734c3d3eccc79048641f7752096835ad97639774d9afafda918594 [stream]
[debug] [2023-12-30T23:40:49.198Z] >>> [apiv2][query] POST https://upload-firebasehosting.googleapis.com/upload/sites/mycasting-c5275/versions/4538d1d8689dd94c/files/ec3a3b869442df5d0807663f03a4f0ac30696bf22935f53e1a20df007aa2f41d [none]
[debug] [2023-12-30T23:40:49.198Z] >>> [apiv2][body] POST https://upload-firebasehosting.googleapis.com/upload/sites/mycasting-c5275/versions/4538d1d8689dd94c/files/ec3a3b869442df5d0807663f03a4f0ac30696bf22935f53e1a20df007aa2f41d [stream]
[debug] [2023-12-30T23:40:49.198Z] >>> [apiv2][query] POST https://upload-firebasehosting.googleapis.com/upload/sites/mycasting-c5275/versions/4538d1d8689dd94c/files/8751e844f00d42e1e8acd5b5ad55c117510080a9e7cc18cbfbad6b1fbf99791d [none]
[debug] [2023-12-30T23:40:49.198Z] >>> [apiv2][body] POST https://upload-firebasehosting.googleapis.com/upload/sites/mycasting-c5275/versions/4538d1d8689dd94c/files/8751e844f00d42e1e8acd5b5ad55c117510080a9e7cc18cbfbad6b1fbf99791d [stream]
[debug] [2023-12-30T23:40:49.199Z] >>> [apiv2][query] POST https://upload-firebasehosting.googleapis.com/upload/sites/mycasting-c5275/versions/4538d1d8689dd94c/files/35fb8d6bef0b9315a591888cf005130584655ef4c3c11d02b0d335f5f4461549 [none]
[debug] [2023-12-30T23:40:49.199Z] >>> [apiv2][body] POST https://upload-firebasehosting.googleapis.com/upload/sites/mycasting-c5275/versions/4538d1d8689dd94c/files/35fb8d6bef0b9315a591888cf005130584655ef4c3c11d02b0d335f5f4461549 [stream]
[debug] [2023-12-30T23:40:49.199Z] >>> [apiv2][query] POST https://upload-firebasehosting.googleapis.com/upload/sites/mycasting-c5275/versions/4538d1d8689dd94c/files/9d2ab650ee1c1dd7ab2a31822e192e28e993b5a6c8c5c33f7cd8463072d89aa7 [none]
[debug] [2023-12-30T23:40:49.199Z] >>> [apiv2][body] POST https://upload-firebasehosting.googleapis.com/upload/sites/mycasting-c5275/versions/4538d1d8689dd94c/files/9d2ab650ee1c1dd7ab2a31822e192e28e993b5a6c8c5c33f7cd8463072d89aa7 [stream]
[debug] [2023-12-30T23:40:49.201Z] >>> [apiv2][query] POST https://upload-firebasehosting.googleapis.com/upload/sites/mycasting-c5275/versions/4538d1d8689dd94c/files/e747b6067397f5cb48bf41989685e2ab185e173e3c1fb48e4054a3d12d37fceb [none]
[debug] [2023-12-30T23:40:49.201Z] >>> [apiv2][body] POST https://upload-firebasehosting.googleapis.com/upload/sites/mycasting-c5275/versions/4538d1d8689dd94c/files/e747b6067397f5cb48bf41989685e2ab185e173e3c1fb48e4054a3d12d37fceb [stream]
[debug] [2023-12-30T23:40:49.202Z] >>> [apiv2][query] POST https://upload-firebasehosting.googleapis.com/upload/sites/mycasting-c5275/versions/4538d1d8689dd94c/files/438df150258b5293c543afcb714024ece7717eaaa036017fd0a9e38a8ec78ee8 [none]
[debug] [2023-12-30T23:40:49.202Z] >>> [apiv2][body] POST https://upload-firebasehosting.googleapis.com/upload/sites/mycasting-c5275/versions/4538d1d8689dd94c/files/438df150258b5293c543afcb714024ece7717eaaa036017fd0a9e38a8ec78ee8 [stream]
[debug] [2023-12-30T23:40:49.202Z] >>> [apiv2][query] POST https://upload-firebasehosting.googleapis.com/upload/sites/mycasting-c5275/versions/4538d1d8689dd94c/files/f9117e8843e9e38019959cde2b9add7b94fa37fe225934f2abccc9c990d72054 [none]
[debug] [2023-12-30T23:40:49.202Z] >>> [apiv2][body] POST https://upload-firebasehosting.googleapis.com/upload/sites/mycasting-c5275/versions/4538d1d8689dd94c/files/f9117e8843e9e38019959cde2b9add7b94fa37fe225934f2abccc9c990d72054 [stream]
[debug] [2023-12-30T23:40:49.203Z] >>> [apiv2][query] POST https://upload-firebasehosting.googleapis.com/upload/sites/mycasting-c5275/versions/4538d1d8689dd94c/files/f1dff920246d38e2d8008a5e4e588bff2db7ac3729dc1821b8d5e4dc8606f94a [none]
[debug] [2023-12-30T23:40:49.203Z] >>> [apiv2][body] POST https://upload-firebasehosting.googleapis.com/upload/sites/mycasting-c5275/versions/4538d1d8689dd94c/files/f1dff920246d38e2d8008a5e4e588bff2db7ac3729dc1821b8d5e4dc8606f94a [stream]
[debug] [2023-12-30T23:40:49.206Z] >>> [apiv2][query] POST https://upload-firebasehosting.googleapis.com/upload/sites/mycasting-c5275/versions/4538d1d8689dd94c/files/56e65b5900d673ff36e12867a33213924d133b3d0687de229f1902e29f825c78 [none]
[debug] [2023-12-30T23:40:49.206Z] >>> [apiv2][body] POST https://upload-firebasehosting.googleapis.com/upload/sites/mycasting-c5275/versions/4538d1d8689dd94c/files/56e65b5900d673ff36e12867a33213924d133b3d0687de229f1902e29f825c78 [stream]
[debug] [2023-12-30T23:40:49.210Z] >>> [apiv2][query] POST https://upload-firebasehosting.googleapis.com/upload/sites/mycasting-c5275/versions/4538d1d8689dd94c/files/22499fe81150a77c80ef36b4c5b6fc1fb02a0123ed4549b17dab58d41fd2482f [none]
[debug] [2023-12-30T23:40:49.210Z] >>> [apiv2][body] POST https://upload-firebasehosting.googleapis.com/upload/sites/mycasting-c5275/versions/4538d1d8689dd94c/files/22499fe81150a77c80ef36b4c5b6fc1fb02a0123ed4549b17dab58d41fd2482f [stream]
[debug] [2023-12-30T23:40:49.211Z] >>> [apiv2][query] POST https://upload-firebasehosting.googleapis.com/upload/sites/mycasting-c5275/versions/4538d1d8689dd94c/files/beb83fef70622dfd6944a1fbafd90e3f8250fdb47d153611b95e816079cc9d92 [none]
[debug] [2023-12-30T23:40:49.211Z] >>> [apiv2][body] POST https://upload-firebasehosting.googleapis.com/upload/sites/mycasting-c5275/versions/4538d1d8689dd94c/files/beb83fef70622dfd6944a1fbafd90e3f8250fdb47d153611b95e816079cc9d92 [stream]
[debug] [2023-12-30T23:40:49.212Z] >>> [apiv2][query] POST https://upload-firebasehosting.googleapis.com/upload/sites/mycasting-c5275/versions/4538d1d8689dd94c/files/60a39701c294f8dd5f2f8bd20953aa1d2dc6cfd8a51ea4448f2505224ea6ffee [none]
[debug] [2023-12-30T23:40:49.212Z] >>> [apiv2][body] POST https://upload-firebasehosting.googleapis.com/upload/sites/mycasting-c5275/versions/4538d1d8689dd94c/files/60a39701c294f8dd5f2f8bd20953aa1d2dc6cfd8a51ea4448f2505224ea6ffee [stream]
[debug] [2023-12-30T23:40:49.213Z] >>> [apiv2][query] POST https://upload-firebasehosting.googleapis.com/upload/sites/mycasting-c5275/versions/4538d1d8689dd94c/files/1051e16b324a53b15ab7661d9bfda337f10e9fc5acacbb07d3785f52bd666f1b [none]
[debug] [2023-12-30T23:40:49.213Z] >>> [apiv2][body] POST https://upload-firebasehosting.googleapis.com/upload/sites/mycasting-c5275/versions/4538d1d8689dd94c/files/1051e16b324a53b15ab7661d9bfda337f10e9fc5acacbb07d3785f52bd666f1b [stream]
[debug] [2023-12-30T23:40:49.213Z] >>> [apiv2][query] POST https://upload-firebasehosting.googleapis.com/upload/sites/mycasting-c5275/versions/4538d1d8689dd94c/files/cd7c071141233d085be706f6d71ed7a3b3213741f23f48e957e52d2b4ffd6a0d [none]
[debug] [2023-12-30T23:40:49.213Z] >>> [apiv2][body] POST https://upload-firebasehosting.googleapis.com/upload/sites/mycasting-c5275/versions/4538d1d8689dd94c/files/cd7c071141233d085be706f6d71ed7a3b3213741f23f48e957e52d2b4ffd6a0d [stream]
[debug] [2023-12-30T23:40:49.214Z] >>> [apiv2][query] POST https://upload-firebasehosting.googleapis.com/upload/sites/mycasting-c5275/versions/4538d1d8689dd94c/files/ba2bf11d7f2b28bbfd60b112cb91f535fb83e96b344e6da6cbaa73a083db56b8 [none]
[debug] [2023-12-30T23:40:49.214Z] >>> [apiv2][body] POST https://upload-firebasehosting.googleapis.com/upload/sites/mycasting-c5275/versions/4538d1d8689dd94c/files/ba2bf11d7f2b28bbfd60b112cb91f535fb83e96b344e6da6cbaa73a083db56b8 [stream]
[debug] [2023-12-30T23:40:49.214Z] >>> [apiv2][query] POST https://upload-firebasehosting.googleapis.com/upload/sites/mycasting-c5275/versions/4538d1d8689dd94c/files/60decdc6b6938c90c59e7fe5c3eb4f2dbda69630c0555ff1f2a18f034f888c3c [none]
[debug] [2023-12-30T23:40:49.214Z] >>> [apiv2][body] POST https://upload-firebasehosting.googleapis.com/upload/sites/mycasting-c5275/versions/4538d1d8689dd94c/files/60decdc6b6938c90c59e7fe5c3eb4f2dbda69630c0555ff1f2a18f034f888c3c [stream]
[debug] [2023-12-30T23:40:49.215Z] >>> [apiv2][query] POST https://upload-firebasehosting.googleapis.com/upload/sites/mycasting-c5275/versions/4538d1d8689dd94c/files/9a16cb58110f0003c92e32bc69070a699e2486f345e0e3405325bcdb8400535d [none]
[debug] [2023-12-30T23:40:49.215Z] >>> [apiv2][body] POST https://upload-firebasehosting.googleapis.com/upload/sites/mycasting-c5275/versions/4538d1d8689dd94c/files/9a16cb58110f0003c92e32bc69070a699e2486f345e0e3405325bcdb8400535d [stream]
[debug] [2023-12-30T23:40:49.215Z] >>> [apiv2][query] POST https://upload-firebasehosting.googleapis.com/upload/sites/mycasting-c5275/versions/4538d1d8689dd94c/files/45df7a596d988e34ee036a766b9c448a9df2556a50255d97996feab011a58edc [none]
[debug] [2023-12-30T23:40:49.215Z] >>> [apiv2][body] POST https://upload-firebasehosting.googleapis.com/upload/sites/mycasting-c5275/versions/4538d1d8689dd94c/files/45df7a596d988e34ee036a766b9c448a9df2556a50255d97996feab011a58edc [stream]
[debug] [2023-12-30T23:40:49.215Z] >>> [apiv2][query] POST https://upload-firebasehosting.googleapis.com/upload/sites/mycasting-c5275/versions/4538d1d8689dd94c/files/ae0c5cb78b8cb252652f8df6ee1c4d75dc72468abcc3be020e8c10a6489e47c9 [none]
[debug] [2023-12-30T23:40:49.215Z] >>> [apiv2][body] POST https://upload-firebasehosting.googleapis.com/upload/sites/mycasting-c5275/versions/4538d1d8689dd94c/files/ae0c5cb78b8cb252652f8df6ee1c4d75dc72468abcc3be020e8c10a6489e47c9 [stream]
[debug] [2023-12-30T23:40:49.216Z] >>> [apiv2][query] POST https://upload-firebasehosting.googleapis.com/upload/sites/mycasting-c5275/versions/4538d1d8689dd94c/files/290cfb245b3f1dda9456aa218e0478cf0f3f3e7e55de44c147f37918c61fca02 [none]
[debug] [2023-12-30T23:40:49.216Z] >>> [apiv2][body] POST https://upload-firebasehosting.googleapis.com/upload/sites/mycasting-c5275/versions/4538d1d8689dd94c/files/290cfb245b3f1dda9456aa218e0478cf0f3f3e7e55de44c147f37918c61fca02 [stream]
[debug] [2023-12-30T23:40:49.216Z] >>> [apiv2][query] POST https://upload-firebasehosting.googleapis.com/upload/sites/mycasting-c5275/versions/4538d1d8689dd94c/files/04614fc32690cb60b39e472119b7f7aa91d88eaeb8511a7489f8cbe1552e6e59 [none]
[debug] [2023-12-30T23:40:49.216Z] >>> [apiv2][body] POST https://upload-firebasehosting.googleapis.com/upload/sites/mycasting-c5275/versions/4538d1d8689dd94c/files/04614fc32690cb60b39e472119b7f7aa91d88eaeb8511a7489f8cbe1552e6e59 [stream]
[debug] [2023-12-30T23:40:49.216Z] >>> [apiv2][query] POST https://upload-firebasehosting.googleapis.com/upload/sites/mycasting-c5275/versions/4538d1d8689dd94c/files/05b7e24fb89428a73d09190e9a0b2c4da1708c0f9bd0d26f1e7c21e10b7497b2 [none]
[debug] [2023-12-30T23:40:49.216Z] >>> [apiv2][body] POST https://upload-firebasehosting.googleapis.com/upload/sites/mycasting-c5275/versions/4538d1d8689dd94c/files/05b7e24fb89428a73d09190e9a0b2c4da1708c0f9bd0d26f1e7c21e10b7497b2 [stream]
[debug] [2023-12-30T23:40:49.216Z] >>> [apiv2][query] POST https://upload-firebasehosting.googleapis.com/upload/sites/mycasting-c5275/versions/4538d1d8689dd94c/files/1b48bb7542981ab9a8bbe1e5ec0795978c2b8c28da3476592c27f122cb439acc [none]
[debug] [2023-12-30T23:40:49.216Z] >>> [apiv2][body] POST https://upload-firebasehosting.googleapis.com/upload/sites/mycasting-c5275/versions/4538d1d8689dd94c/files/1b48bb7542981ab9a8bbe1e5ec0795978c2b8c28da3476592c27f122cb439acc [stream]
[debug] [2023-12-30T23:40:49.217Z] >>> [apiv2][query] POST https://upload-firebasehosting.googleapis.com/upload/sites/mycasting-c5275/versions/4538d1d8689dd94c/files/7ed8b102146619f3af99a92e77b69231c5dd7dc9ab473d6875666f3ca317681f [none]
[debug] [2023-12-30T23:40:49.217Z] >>> [apiv2][body] POST https://upload-firebasehosting.googleapis.com/upload/sites/mycasting-c5275/versions/4538d1d8689dd94c/files/7ed8b102146619f3af99a92e77b69231c5dd7dc9ab473d6875666f3ca317681f [stream]
[debug] [2023-12-30T23:40:49.217Z] >>> [apiv2][query] POST https://upload-firebasehosting.googleapis.com/upload/sites/mycasting-c5275/versions/4538d1d8689dd94c/files/70b8254408f04fa90a5f73590173052503dfd1b2b4e872cb10390f8a9545170d [none]
[debug] [2023-12-30T23:40:49.217Z] >>> [apiv2][body] POST https://upload-firebasehosting.googleapis.com/upload/sites/mycasting-c5275/versions/4538d1d8689dd94c/files/70b8254408f04fa90a5f73590173052503dfd1b2b4e872cb10390f8a9545170d [stream]
[debug] [2023-12-30T23:40:49.217Z] >>> [apiv2][query] POST https://upload-firebasehosting.googleapis.com/upload/sites/mycasting-c5275/versions/4538d1d8689dd94c/files/75bce9e1356326cbe6aa17d2c471a193b7ff2287345b98fcda37cf13d32e9c3f [none]
[debug] [2023-12-30T23:40:49.217Z] >>> [apiv2][body] POST https://upload-firebasehosting.googleapis.com/upload/sites/mycasting-c5275/versions/4538d1d8689dd94c/files/75bce9e1356326cbe6aa17d2c471a193b7ff2287345b98fcda37cf13d32e9c3f [stream]
[debug] [2023-12-30T23:40:49.218Z] [hosting][populate queue][FINAL] {"max":1641,"min":1641,"avg":1641,"active":0,"complete":1,"success":1,"errored":0,"retried":0,"total":1,"elapsed":1666}
[debug] [2023-12-30T23:40:49.218Z] [hosting] uploads queued: 31
[debug] [2023-12-30T23:40:50.275Z] <<< [apiv2][status] POST https://upload-firebasehosting.googleapis.com/upload/sites/mycasting-c5275/versions/4538d1d8689dd94c/files/ba2bf11d7f2b28bbfd60b112cb91f535fb83e96b344e6da6cbaa73a083db56b8 200
[debug] [2023-12-30T23:40:50.275Z] <<< [apiv2][body] POST https://upload-firebasehosting.googleapis.com/upload/sites/mycasting-c5275/versions/4538d1d8689dd94c/files/ba2bf11d7f2b28bbfd60b112cb91f535fb83e96b344e6da6cbaa73a083db56b8 [stream]
[debug] [2023-12-30T23:40:50.277Z] <<< [apiv2][status] POST https://upload-firebasehosting.googleapis.com/upload/sites/mycasting-c5275/versions/4538d1d8689dd94c/files/70b8254408f04fa90a5f73590173052503dfd1b2b4e872cb10390f8a9545170d 200
[debug] [2023-12-30T23:40:50.277Z] <<< [apiv2][body] POST https://upload-firebasehosting.googleapis.com/upload/sites/mycasting-c5275/versions/4538d1d8689dd94c/files/70b8254408f04fa90a5f73590173052503dfd1b2b4e872cb10390f8a9545170d [stream]
[debug] [2023-12-30T23:40:50.312Z] <<< [apiv2][status] POST https://upload-firebasehosting.googleapis.com/upload/sites/mycasting-c5275/versions/4538d1d8689dd94c/files/beb83fef70622dfd6944a1fbafd90e3f8250fdb47d153611b95e816079cc9d92 200
[debug] [2023-12-30T23:40:50.313Z] <<< [apiv2][body] POST https://upload-firebasehosting.googleapis.com/upload/sites/mycasting-c5275/versions/4538d1d8689dd94c/files/beb83fef70622dfd6944a1fbafd90e3f8250fdb47d153611b95e816079cc9d92 [stream]
[debug] [2023-12-30T23:40:50.315Z] <<< [apiv2][status] POST https://upload-firebasehosting.googleapis.com/upload/sites/mycasting-c5275/versions/4538d1d8689dd94c/files/8751e844f00d42e1e8acd5b5ad55c117510080a9e7cc18cbfbad6b1fbf99791d 200
[debug] [2023-12-30T23:40:50.315Z] <<< [apiv2][body] POST https://upload-firebasehosting.googleapis.com/upload/sites/mycasting-c5275/versions/4538d1d8689dd94c/files/8751e844f00d42e1e8acd5b5ad55c117510080a9e7cc18cbfbad6b1fbf99791d [stream]
[debug] [2023-12-30T23:40:50.344Z] <<< [apiv2][status] POST https://upload-firebasehosting.googleapis.com/upload/sites/mycasting-c5275/versions/4538d1d8689dd94c/files/f1dff920246d38e2d8008a5e4e588bff2db7ac3729dc1821b8d5e4dc8606f94a 200
[debug] [2023-12-30T23:40:50.345Z] <<< [apiv2][body] POST https://upload-firebasehosting.googleapis.com/upload/sites/mycasting-c5275/versions/4538d1d8689dd94c/files/f1dff920246d38e2d8008a5e4e588bff2db7ac3729dc1821b8d5e4dc8606f94a [stream]
[debug] [2023-12-30T23:40:50.354Z] <<< [apiv2][status] POST https://upload-firebasehosting.googleapis.com/upload/sites/mycasting-c5275/versions/4538d1d8689dd94c/files/22499fe81150a77c80ef36b4c5b6fc1fb02a0123ed4549b17dab58d41fd2482f 200
[debug] [2023-12-30T23:40:50.354Z] <<< [apiv2][body] POST https://upload-firebasehosting.googleapis.com/upload/sites/mycasting-c5275/versions/4538d1d8689dd94c/files/22499fe81150a77c80ef36b4c5b6fc1fb02a0123ed4549b17dab58d41fd2482f [stream]
[debug] [2023-12-30T23:40:50.356Z] <<< [apiv2][status] POST https://upload-firebasehosting.googleapis.com/upload/sites/mycasting-c5275/versions/4538d1d8689dd94c/files/e747b6067397f5cb48bf41989685e2ab185e173e3c1fb48e4054a3d12d37fceb 200
[debug] [2023-12-30T23:40:50.356Z] <<< [apiv2][body] POST https://upload-firebasehosting.googleapis.com/upload/sites/mycasting-c5275/versions/4538d1d8689dd94c/files/e747b6067397f5cb48bf41989685e2ab185e173e3c1fb48e4054a3d12d37fceb [stream]
[debug] [2023-12-30T23:40:50.369Z] <<< [apiv2][status] POST https://upload-firebasehosting.googleapis.com/upload/sites/mycasting-c5275/versions/4538d1d8689dd94c/files/56e65b5900d673ff36e12867a33213924d133b3d0687de229f1902e29f825c78 200
[debug] [2023-12-30T23:40:50.370Z] <<< [apiv2][body] POST https://upload-firebasehosting.googleapis.com/upload/sites/mycasting-c5275/versions/4538d1d8689dd94c/files/56e65b5900d673ff36e12867a33213924d133b3d0687de229f1902e29f825c78 [stream]
[debug] [2023-12-30T23:40:50.452Z] <<< [apiv2][status] POST https://upload-firebasehosting.googleapis.com/upload/sites/mycasting-c5275/versions/4538d1d8689dd94c/files/04614fc32690cb60b39e472119b7f7aa91d88eaeb8511a7489f8cbe1552e6e59 200
[debug] [2023-12-30T23:40:50.452Z] <<< [apiv2][body] POST https://upload-firebasehosting.googleapis.com/upload/sites/mycasting-c5275/versions/4538d1d8689dd94c/files/04614fc32690cb60b39e472119b7f7aa91d88eaeb8511a7489f8cbe1552e6e59 [stream]
[debug] [2023-12-30T23:40:50.480Z] <<< [apiv2][status] POST https://upload-firebasehosting.googleapis.com/upload/sites/mycasting-c5275/versions/4538d1d8689dd94c/files/290cfb245b3f1dda9456aa218e0478cf0f3f3e7e55de44c147f37918c61fca02 200
[debug] [2023-12-30T23:40:50.481Z] <<< [apiv2][body] POST https://upload-firebasehosting.googleapis.com/upload/sites/mycasting-c5275/versions/4538d1d8689dd94c/files/290cfb245b3f1dda9456aa218e0478cf0f3f3e7e55de44c147f37918c61fca02 [stream]
[debug] [2023-12-30T23:40:50.537Z] <<< [apiv2][status] POST https://upload-firebasehosting.googleapis.com/upload/sites/mycasting-c5275/versions/4538d1d8689dd94c/files/60a39701c294f8dd5f2f8bd20953aa1d2dc6cfd8a51ea4448f2505224ea6ffee 200
[debug] [2023-12-30T23:40:50.538Z] <<< [apiv2][body] POST https://upload-firebasehosting.googleapis.com/upload/sites/mycasting-c5275/versions/4538d1d8689dd94c/files/60a39701c294f8dd5f2f8bd20953aa1d2dc6cfd8a51ea4448f2505224ea6ffee [stream]
[debug] [2023-12-30T23:40:50.552Z] <<< [apiv2][status] POST https://upload-firebasehosting.googleapis.com/upload/sites/mycasting-c5275/versions/4538d1d8689dd94c/files/60decdc6b6938c90c59e7fe5c3eb4f2dbda69630c0555ff1f2a18f034f888c3c 200
[debug] [2023-12-30T23:40:50.552Z] <<< [apiv2][body] POST https://upload-firebasehosting.googleapis.com/upload/sites/mycasting-c5275/versions/4538d1d8689dd94c/files/60decdc6b6938c90c59e7fe5c3eb4f2dbda69630c0555ff1f2a18f034f888c3c [stream]
[debug] [2023-12-30T23:40:50.569Z] <<< [apiv2][status] POST https://upload-firebasehosting.googleapis.com/upload/sites/mycasting-c5275/versions/4538d1d8689dd94c/files/f9117e8843e9e38019959cde2b9add7b94fa37fe225934f2abccc9c990d72054 200
[debug] [2023-12-30T23:40:50.570Z] <<< [apiv2][body] POST https://upload-firebasehosting.googleapis.com/upload/sites/mycasting-c5275/versions/4538d1d8689dd94c/files/f9117e8843e9e38019959cde2b9add7b94fa37fe225934f2abccc9c990d72054 [stream]
[debug] [2023-12-30T23:40:50.570Z] <<< [apiv2][status] POST https://upload-firebasehosting.googleapis.com/upload/sites/mycasting-c5275/versions/4538d1d8689dd94c/files/cd7c071141233d085be706f6d71ed7a3b3213741f23f48e957e52d2b4ffd6a0d 200
[debug] [2023-12-30T23:40:50.570Z] <<< [apiv2][body] POST https://upload-firebasehosting.googleapis.com/upload/sites/mycasting-c5275/versions/4538d1d8689dd94c/files/cd7c071141233d085be706f6d71ed7a3b3213741f23f48e957e52d2b4ffd6a0d [stream]
[debug] [2023-12-30T23:40:50.589Z] <<< [apiv2][status] POST https://upload-firebasehosting.googleapis.com/upload/sites/mycasting-c5275/versions/4538d1d8689dd94c/files/05b7e24fb89428a73d09190e9a0b2c4da1708c0f9bd0d26f1e7c21e10b7497b2 200
[debug] [2023-12-30T23:40:50.589Z] <<< [apiv2][body] POST https://upload-firebasehosting.googleapis.com/upload/sites/mycasting-c5275/versions/4538d1d8689dd94c/files/05b7e24fb89428a73d09190e9a0b2c4da1708c0f9bd0d26f1e7c21e10b7497b2 [stream]
[debug] [2023-12-30T23:40:50.664Z] <<< [apiv2][status] POST https://upload-firebasehosting.googleapis.com/upload/sites/mycasting-c5275/versions/4538d1d8689dd94c/files/9a16cb58110f0003c92e32bc69070a699e2486f345e0e3405325bcdb8400535d 200
[debug] [2023-12-30T23:40:50.664Z] <<< [apiv2][body] POST https://upload-firebasehosting.googleapis.com/upload/sites/mycasting-c5275/versions/4538d1d8689dd94c/files/9a16cb58110f0003c92e32bc69070a699e2486f345e0e3405325bcdb8400535d [stream]
[debug] [2023-12-30T23:40:50.700Z] <<< [apiv2][status] POST https://upload-firebasehosting.googleapis.com/upload/sites/mycasting-c5275/versions/4538d1d8689dd94c/files/ec3a3b869442df5d0807663f03a4f0ac30696bf22935f53e1a20df007aa2f41d 200
[debug] [2023-12-30T23:40:50.700Z] <<< [apiv2][body] POST https://upload-firebasehosting.googleapis.com/upload/sites/mycasting-c5275/versions/4538d1d8689dd94c/files/ec3a3b869442df5d0807663f03a4f0ac30696bf22935f53e1a20df007aa2f41d [stream]
[debug] [2023-12-30T23:40:50.791Z] <<< [apiv2][status] POST https://upload-firebasehosting.googleapis.com/upload/sites/mycasting-c5275/versions/4538d1d8689dd94c/files/7ed8b102146619f3af99a92e77b69231c5dd7dc9ab473d6875666f3ca317681f 200
[debug] [2023-12-30T23:40:50.791Z] <<< [apiv2][body] POST https://upload-firebasehosting.googleapis.com/upload/sites/mycasting-c5275/versions/4538d1d8689dd94c/files/7ed8b102146619f3af99a92e77b69231c5dd7dc9ab473d6875666f3ca317681f [stream]
[debug] [2023-12-30T23:40:50.800Z] <<< [apiv2][status] POST https://upload-firebasehosting.googleapis.com/upload/sites/mycasting-c5275/versions/4538d1d8689dd94c/files/35fb8d6bef0b9315a591888cf005130584655ef4c3c11d02b0d335f5f4461549 200
[debug] [2023-12-30T23:40:50.800Z] <<< [apiv2][body] POST https://upload-firebasehosting.googleapis.com/upload/sites/mycasting-c5275/versions/4538d1d8689dd94c/files/35fb8d6bef0b9315a591888cf005130584655ef4c3c11d02b0d335f5f4461549 [stream]
[debug] [2023-12-30T23:40:50.838Z] <<< [apiv2][status] POST https://upload-firebasehosting.googleapis.com/upload/sites/mycasting-c5275/versions/4538d1d8689dd94c/files/9d2ab650ee1c1dd7ab2a31822e192e28e993b5a6c8c5c33f7cd8463072d89aa7 200
[debug] [2023-12-30T23:40:50.838Z] <<< [apiv2][body] POST https://upload-firebasehosting.googleapis.com/upload/sites/mycasting-c5275/versions/4538d1d8689dd94c/files/9d2ab650ee1c1dd7ab2a31822e192e28e993b5a6c8c5c33f7cd8463072d89aa7 [stream]
[debug] [2023-12-30T23:40:50.889Z] <<< [apiv2][status] POST https://upload-firebasehosting.googleapis.com/upload/sites/mycasting-c5275/versions/4538d1d8689dd94c/files/1051e16b324a53b15ab7661d9bfda337f10e9fc5acacbb07d3785f52bd666f1b 200
[debug] [2023-12-30T23:40:50.889Z] <<< [apiv2][body] POST https://upload-firebasehosting.googleapis.com/upload/sites/mycasting-c5275/versions/4538d1d8689dd94c/files/1051e16b324a53b15ab7661d9bfda337f10e9fc5acacbb07d3785f52bd666f1b [stream]
[debug] [2023-12-30T23:40:50.976Z] <<< [apiv2][status] POST https://upload-firebasehosting.googleapis.com/upload/sites/mycasting-c5275/versions/4538d1d8689dd94c/files/1b48bb7542981ab9a8bbe1e5ec0795978c2b8c28da3476592c27f122cb439acc 200
[debug] [2023-12-30T23:40:50.976Z] <<< [apiv2][body] POST https://upload-firebasehosting.googleapis.com/upload/sites/mycasting-c5275/versions/4538d1d8689dd94c/files/1b48bb7542981ab9a8bbe1e5ec0795978c2b8c28da3476592c27f122cb439acc [stream]
[debug] [2023-12-30T23:40:51.057Z] <<< [apiv2][status] POST https://upload-firebasehosting.googleapis.com/upload/sites/mycasting-c5275/versions/4538d1d8689dd94c/files/b77799fecc4daa3660c5871cd48630b8c4976cff10d760bc43383d5f0eb5dcb8 200
[debug] [2023-12-30T23:40:51.058Z] <<< [apiv2][body] POST https://upload-firebasehosting.googleapis.com/upload/sites/mycasting-c5275/versions/4538d1d8689dd94c/files/b77799fecc4daa3660c5871cd48630b8c4976cff10d760bc43383d5f0eb5dcb8 [stream]
[debug] [2023-12-30T23:40:51.074Z] <<< [apiv2][status] POST https://upload-firebasehosting.googleapis.com/upload/sites/mycasting-c5275/versions/4538d1d8689dd94c/files/ac1ac01a6d1105447a61f88e5e21794f39e0e906d1ac8cbe4af3049ce6f71e46 200
[debug] [2023-12-30T23:40:51.074Z] <<< [apiv2][body] POST https://upload-firebasehosting.googleapis.com/upload/sites/mycasting-c5275/versions/4538d1d8689dd94c/files/ac1ac01a6d1105447a61f88e5e21794f39e0e906d1ac8cbe4af3049ce6f71e46 [stream]
[debug] [2023-12-30T23:40:51.080Z] <<< [apiv2][status] POST https://upload-firebasehosting.googleapis.com/upload/sites/mycasting-c5275/versions/4538d1d8689dd94c/files/45df7a596d988e34ee036a766b9c448a9df2556a50255d97996feab011a58edc 200
[debug] [2023-12-30T23:40:51.081Z] <<< [apiv2][body] POST https://upload-firebasehosting.googleapis.com/upload/sites/mycasting-c5275/versions/4538d1d8689dd94c/files/45df7a596d988e34ee036a766b9c448a9df2556a50255d97996feab011a58edc [stream]
[debug] [2023-12-30T23:40:51.923Z] <<< [apiv2][status] POST https://upload-firebasehosting.googleapis.com/upload/sites/mycasting-c5275/versions/4538d1d8689dd94c/files/75bce9e1356326cbe6aa17d2c471a193b7ff2287345b98fcda37cf13d32e9c3f 200
[debug] [2023-12-30T23:40:51.923Z] <<< [apiv2][body] POST https://upload-firebasehosting.googleapis.com/upload/sites/mycasting-c5275/versions/4538d1d8689dd94c/files/75bce9e1356326cbe6aa17d2c471a193b7ff2287345b98fcda37cf13d32e9c3f [stream]
[debug] [2023-12-30T23:40:52.478Z] <<< [apiv2][status] POST https://upload-firebasehosting.googleapis.com/upload/sites/mycasting-c5275/versions/4538d1d8689dd94c/files/35c0348d22824432328dbe5e7d97e19ec1f488c7e479fcb72f099d826cc7cecf 200
[debug] [2023-12-30T23:40:52.479Z] <<< [apiv2][body] POST https://upload-firebasehosting.googleapis.com/upload/sites/mycasting-c5275/versions/4538d1d8689dd94c/files/35c0348d22824432328dbe5e7d97e19ec1f488c7e479fcb72f099d826cc7cecf [stream]
[debug] [2023-12-30T23:40:53.093Z] <<< [apiv2][status] POST https://upload-firebasehosting.googleapis.com/upload/sites/mycasting-c5275/versions/4538d1d8689dd94c/files/438df150258b5293c543afcb714024ece7717eaaa036017fd0a9e38a8ec78ee8 200
[debug] [2023-12-30T23:40:53.093Z] <<< [apiv2][body] POST https://upload-firebasehosting.googleapis.com/upload/sites/mycasting-c5275/versions/4538d1d8689dd94c/files/438df150258b5293c543afcb714024ece7717eaaa036017fd0a9e38a8ec78ee8 [stream]
[debug] [2023-12-30T23:40:54.306Z] <<< [apiv2][status] POST https://upload-firebasehosting.googleapis.com/upload/sites/mycasting-c5275/versions/4538d1d8689dd94c/files/b934783638734c3d3eccc79048641f7752096835ad97639774d9afafda918594 200
[debug] [2023-12-30T23:40:54.306Z] <<< [apiv2][body] POST https://upload-firebasehosting.googleapis.com/upload/sites/mycasting-c5275/versions/4538d1d8689dd94c/files/b934783638734c3d3eccc79048641f7752096835ad97639774d9afafda918594 [stream]
[debug] [2023-12-30T23:40:54.466Z] <<< [apiv2][status] POST https://upload-firebasehosting.googleapis.com/upload/sites/mycasting-c5275/versions/4538d1d8689dd94c/files/68fbbd33bfa835f721ab55e5d6c5c8b872dce9390aa7156ab706383b4f0ed6ea 200
[debug] [2023-12-30T23:40:54.467Z] <<< [apiv2][body] POST https://upload-firebasehosting.googleapis.com/upload/sites/mycasting-c5275/versions/4538d1d8689dd94c/files/68fbbd33bfa835f721ab55e5d6c5c8b872dce9390aa7156ab706383b4f0ed6ea [stream]
[debug] [2023-12-30T23:40:55.302Z] <<< [apiv2][status] POST https://upload-firebasehosting.googleapis.com/upload/sites/mycasting-c5275/versions/4538d1d8689dd94c/files/ae0c5cb78b8cb252652f8df6ee1c4d75dc72468abcc3be020e8c10a6489e47c9 200
[debug] [2023-12-30T23:40:55.302Z] <<< [apiv2][body] POST https://upload-firebasehosting.googleapis.com/upload/sites/mycasting-c5275/versions/4538d1d8689dd94c/files/ae0c5cb78b8cb252652f8df6ee1c4d75dc72468abcc3be020e8c10a6489e47c9 [stream]
[debug] [2023-12-30T23:40:55.303Z] [hosting][upload queue][FINAL] {"max":6111,"min":1084,"avg":1995.741935483871,"active":0,"complete":31,"success":31,"errored":0,"retried":0,"total":31,"elapsed":6114}
[info] ✔  hosting[mycasting-c5275]: file upload complete 
[debug] [2023-12-30T23:40:55.304Z] [hosting] deploy completed after 8091ms
[info] i  functions: creating Node.js 16 (2nd Gen) function firebase-frameworks-mycasting-c5275:ssrmycastingc5275(europe-west1)... 
[debug] [2023-12-30T23:40:55.309Z] >>> [apiv2][query] POST https://cloudfunctions.googleapis.com/v2/projects/mycasting-c5275/locations/europe-west1/functions functionId=ssrmycastingc5275
[debug] [2023-12-30T23:40:55.310Z] >>> [apiv2][body] POST https://cloudfunctions.googleapis.com/v2/projects/mycasting-c5275/locations/europe-west1/functions {"name":"projects/mycasting-c5275/locations/europe-west1/functions/ssrmycastingc5275","buildConfig":{"runtime":"nodejs16","entryPoint":"ssrmycastingc5275","source":{"storageSource":{"bucket":"gcf-v2-uploads-282773183142-europe-west1","object":"d7ee9715-f91c-41ad-a604-ddcc0f42ed58.zip"}},"environmentVariables":{"GOOGLE_NODE_RUN_SCRIPTS":""}},"serviceConfig":{"environmentVariables":{"__FIREBASE_FRAMEWORKS_ENTRY__":"next.js","__FIREBASE_DEFAULTS__":"{\"config\":{\"projectId\":\"mycasting-c5275\",\"appId\":\"1:282773183142:web:b5420f52352cf264ff3267\",\"storageBucket\":\"mycasting-c5275.appspot.com\",\"locationId\":\"europe-central2\",\"apiKey\":\"AIzaSyBvsPQCT1pTzIkxW3xcCKDQXCxZQzJTJ4s\",\"authDomain\":\"mycasting-c5275.firebaseapp.com\",\"messagingSenderId\":\"282773183142\",\"measurementId\":\"G-3HDH7RE6E2\"},\"_authTokenSyncURL\":\"/__session\"}","FIREBASE_CONFIG":"{\"projectId\":\"mycasting-c5275\",\"storageBucket\":\"mycasting-c5275.appspot.com\",\"locationId\":\"europe-central2\"}","GCLOUD_PROJECT":"mycasting-c5275","EVENTARC_CLOUD_EVENT_SOURCE":"projects/mycasting-c5275/locations/europe-west1/services/ssrmycastingc5275","FUNCTION_TARGET":"ssrmycastingc5275"},"ingressSettings":null,"timeoutSeconds":null,"serviceAccountEmail":null,"availableMemory":"256Mi","minInstanceCount":null,"maxInstanceCount":null,"maxInstanceRequestConcurrency":80,"availableCpu":"1","vpcConnector":null,"vpcConnectorEgressSettings":null},"labels":{"deployment-tool":"cli-firebase","firebase-functions-codebase":"firebase-frameworks-mycasting-c5275","firebase-functions-hash":"4793fac49135ec053bc5028063b450de97d19be9"}}
[debug] [2023-12-30T23:40:57.406Z] <<< [apiv2][status] POST https://cloudfunctions.googleapis.com/v2/projects/mycasting-c5275/locations/europe-west1/functions 400
[debug] [2023-12-30T23:40:57.407Z] <<< [apiv2][body] POST https://cloudfunctions.googleapis.com/v2/projects/mycasting-c5275/locations/europe-west1/functions {"error":{"code":400,"message":"Could not create Cloud Run service ssrmycastingc5275. spec.template.spec.containers.resources.limits.cpu: Invalid value specified for cpu. For the specified value, maxScale may not exceed 10.\nConsider running your workload in a region with greater capacity, decreasing your requested cpu-per-instance, or requesting an increase in quota for this region if you are seeing sustained usage near this limit, see https://cloud.google.com/run/quotas. Your project may gain access to further scaling by adding billing information to your account.","status":"INVALID_ARGUMENT"}}
[warn] ⚠  functions: Your current project quotas don't allow for the current max instances setting of 100. Either reduce this function's maximum instances, or request a quota increase on the underlying Cloud Run service at https://cloud.google.com/run/quotas. 
[warn] ⚠  functions: You can adjust the max instances value in your function's runtime options:
	setGlobalOptions({maxInstances: 10}) 
[error] Failed to create function projects/mycasting-c5275/locations/europe-west1/functions/ssrmycastingc5275
[debug] [2023-12-30T23:40:57.418Z] Total Function Deployment time: 2103
[debug] [2023-12-30T23:40:57.419Z] 1 Functions Deployed
[debug] [2023-12-30T23:40:57.419Z] 1 Functions Errored
[debug] [2023-12-30T23:40:57.419Z] 0 Function Deployments Aborted
[debug] [2023-12-30T23:40:57.419Z] Average Function Deployment time: 2102
[info] 
[info] Functions deploy had errors with the following functions:
	firebase-frameworks-mycasting-c5275:ssrmycastingc5275(europe-west1)
[debug] [2023-12-30T23:40:57.551Z] Not printing URL for HTTPS function. Typically this means it didn't match a filter or we failed deployment
[info] i  functions: cleaning up build files... 
[debug] [2023-12-30T23:40:57.554Z] >>> [apiv2][query] DELETE https://artifactregistry.googleapis.com/v1beta2/projects/mycasting-c5275/locations/europe-west1/repositories/gcf-artifacts/packages/ssrmycastingc5275 [none]
[debug] [2023-12-30T23:40:57.554Z] >>> [apiv2][query] GET https://eu.gcr.io/v2/mycasting-c5275/gcf/europe-west1/tags/list [none]
[debug] [2023-12-30T23:40:57.834Z] <<< [apiv2][status] DELETE https://artifactregistry.googleapis.com/v1beta2/projects/mycasting-c5275/locations/europe-west1/repositories/gcf-artifacts/packages/ssrmycastingc5275 404
[debug] [2023-12-30T23:40:57.835Z] <<< [apiv2][body] DELETE https://artifactregistry.googleapis.com/v1beta2/projects/mycasting-c5275/locations/europe-west1/repositories/gcf-artifacts/packages/ssrmycastingc5275 {"error":{"code":404,"message":"Package \"projects/mycasting-c5275/locations/europe-west1/repositories/gcf-artifacts/packages/ssrmycastingc5275\" was not found.","status":"NOT_FOUND"}}
[debug] [2023-12-30T23:40:57.860Z] <<< [apiv2][status] GET https://eu.gcr.io/v2/mycasting-c5275/gcf/europe-west1/tags/list 200
[debug] [2023-12-30T23:40:57.860Z] <<< [apiv2][body] GET https://eu.gcr.io/v2/mycasting-c5275/gcf/europe-west1/tags/list {"child":[],"manifest":{},"name":"mycasting-c5275/gcf/europe-west1","tags":[]}
[debug] [2023-12-30T23:40:57.861Z] Could not find image for function projects/mycasting-c5275/locations/europe-west1/functions/ssrmycastingc5275
[debug] [2023-12-30T23:40:57.861Z] Functions deploy failed.
[debug] [2023-12-30T23:40:57.861Z] {
  "endpoint": {
    "id": "ssrmycastingc5275",
    "project": "mycasting-c5275",
    "region": "europe-west1",
    "entryPoint": "ssrmycastingc5275",
    "platform": "gcfv2",
    "runtime": "nodejs16",
    "httpsTrigger": {},
    "labels": {
      "deployment-tool": "cli-firebase"
    },
    "ingressSettings": null,
    "availableMemoryMb": null,
    "serviceAccount": null,
    "timeoutSeconds": null,
    "maxInstances": null,
    "minInstances": null,
    "concurrency": 80,
    "vpc": null,
    "environmentVariables": {
      "__FIREBASE_FRAMEWORKS_ENTRY__": "next.js",
      "__FIREBASE_DEFAULTS__": "{\"config\":{\"projectId\":\"mycasting-c5275\",\"appId\":\"1:282773183142:web:b5420f52352cf264ff3267\",\"storageBucket\":\"mycasting-c5275.appspot.com\",\"locationId\":\"europe-central2\",\"apiKey\":\"AIzaSyBvsPQCT1pTzIkxW3xcCKDQXCxZQzJTJ4s\",\"authDomain\":\"mycasting-c5275.firebaseapp.com\",\"messagingSenderId\":\"282773183142\",\"measurementId\":\"G-3HDH7RE6E2\"},\"_authTokenSyncURL\":\"/__session\"}",
      "FIREBASE_CONFIG": "{\"projectId\":\"mycasting-c5275\",\"storageBucket\":\"mycasting-c5275.appspot.com\",\"locationId\":\"europe-central2\"}",
      "GCLOUD_PROJECT": "mycasting-c5275",
      "EVENTARC_CLOUD_EVENT_SOURCE": "projects/mycasting-c5275/locations/europe-west1/services/ssrmycastingc5275"
    },
    "codebase": "firebase-frameworks-mycasting-c5275",
    "cpu": 1,
    "targetedByOnly": false,
    "hash": "4793fac49135ec053bc5028063b450de97d19be9"
  },
  "op": "create",
  "original": {
    "name": "FirebaseError",
    "children": [],
    "context": {
      "function": "projects/mycasting-c5275/locations/europe-west1/functions/ssrmycastingc5275"
    },
    "exit": 1,
    "message": "Failed to create function projects/mycasting-c5275/locations/europe-west1/functions/ssrmycastingc5275",
    "original": {
      "name": "FirebaseError",
      "children": [],
      "context": {
        "body": {
          "error": {
            "code": 400,
            "message": "Could not create Cloud Run service ssrmycastingc5275. spec.template.spec.containers.resources.limits.cpu: Invalid value specified for cpu. For the specified value, maxScale may not exceed 10.\nConsider running your workload in a region with greater capacity, decreasing your requested cpu-per-instance, or requesting an increase in quota for this region if you are seeing sustained usage near this limit, see https://cloud.google.com/run/quotas. Your project may gain access to further scaling by adding billing information to your account.",
            "status": "INVALID_ARGUMENT"
          }
        },
        "response": {
          "statusCode": 400
        }
      },
      "exit": 1,
      "message": "HTTP Error: 400, Could not create Cloud Run service ssrmycastingc5275. spec.template.spec.containers.resources.limits.cpu: Invalid value specified for cpu. For the specified value, maxScale may not exceed 10.\nConsider running your workload in a region with greater capacity, decreasing your requested cpu-per-instance, or requesting an increase in quota for this region if you are seeing sustained usage near this limit, see https://cloud.google.com/run/quotas. Your project may gain access to further scaling by adding billing information to your account.",
      "status": 400
    },
    "status": 400,
    "code": 400
  }
}
[debug] [2023-12-30T23:40:58.005Z] Error: Failed to create function ssrmycastingc5275 in region europe-west1
    at /Users/andreiiordache/.nvm/versions/node/v16.13.0/lib/node_modules/firebase-tools/lib/deploy/functions/release/fabricator.js:291:27
    at runMicrotasks (<anonymous>)
    at processTicksAndRejections (node:internal/process/task_queues:96:5)
    at async Fabricator.createV2Function (/Users/andreiiordache/.nvm/versions/node/v16.13.0/lib/node_modules/firebase-tools/lib/deploy/functions/release/fabricator.js:277:30)
    at async Fabricator.createEndpoint (/Users/andreiiordache/.nvm/versions/node/v16.13.0/lib/node_modules/firebase-tools/lib/deploy/functions/release/fabricator.js:136:13)
    at async handle (/Users/andreiiordache/.nvm/versions/node/v16.13.0/lib/node_modules/firebase-tools/lib/deploy/functions/release/fabricator.js:88:17)
[error] 
[error] Error: There was an error deploying functions
